Log file open, 06/20/18 19:09:24
LogWindows: Failed to load 'aqProf.dll' (GetLastError=126)
LogWindows: File 'aqProf.dll' does not exist
LogWindows: Failed to load 'VtuneApi.dll' (GetLastError=126)
LogWindows: File 'VtuneApi.dll' does not exist
LogWindows: Failed to load 'VtuneApi32e.dll' (GetLastError=126)
LogWindows: File 'VtuneApi32e.dll' does not exist
LogInit: Display: Running engine for game: UnrealEssentials
LogPlatformFile: Not using cached read wrapper
LogInit: Display: RandInit(-1378409968) SRandInit(-1378409968).
LogInit: Read version file with build ID '3944462'
LogInit: Overriding engine version to CL 4033788, compatible CL 3944462
LogInit: Registered custom module enumerator with build ID '3944462'
LogTaskGraph: Started task graph with 5 named threads and 23 total threads with 3 sets of task threads.
LogStats: Stats thread started at 3.367775
LogD3D11RHI: Aftermath initialized
LogICUInternationalization: Display: ICU TimeZone Detection - Raw Offset: +1:00, Platform Override: ''
LogModuleManager: Display: Found up-to-date module file ../../../Engine/Plugins/2D/Paper2D/Binaries/Win64/UE4Editor-Paper2D.dll (API version 3944462).
LogModuleManager: Display: Found up-to-date module file ../../../Engine/Plugins/2D/Paper2D/Binaries/Win64/UE4Editor-Paper2DEditor.dll (API version 3944462).
LogModuleManager: Display: Found up-to-date module file ../../../Engine/Plugins/2D/Paper2D/Binaries/Win64/UE4Editor-PaperSpriteSheetImporter.dll (API version 3944462).
LogModuleManager: Display: Found up-to-date module file ../../../Engine/Plugins/2D/Paper2D/Binaries/Win64/UE4Editor-PaperTiledImporter.dll (API version 3944462).
LogModuleManager: Display: Found up-to-date module file ../../../Engine/Plugins/2D/Paper2D/Binaries/Win64/UE4Editor-SmartSnapping.dll (API version 3944462).
LogModuleManager: Display: Found up-to-date module file ../../../Engine/Plugins/Blendables/LightPropagationVolume/Binaries/Win64/UE4Editor-LightPropagationVolumeRuntime.dll (API version 3944462).
LogModuleManager: Display: Found up-to-date module file ../../../Engine/Plugins/Blendables/LightPropagationVolume/Binaries/Win64/UE4Editor-LightPropagationVolumeEditor.dll (API version 3944462).
LogModuleManager: Display: Found up-to-date module file ../../../Engine/Plugins/Developer/CLionSourceCodeAccess/Binaries/Win64/UE4Editor-CLionSourceCodeAccess.dll (API version 3944462).
LogModuleManager: Display: Found up-to-date module file ../../../Engine/Plugins/Developer/GitSourceControl/Binaries/Win64/UE4Editor-GitSourceControl.dll (API version 3944462).
LogModuleManager: Display: Found up-to-date module file ../../../Engine/Plugins/Developer/PerforceSourceControl/Binaries/Win64/UE4Editor-PerforceSourceControl.dll (API version 3944462).
LogModuleManager: Display: Found up-to-date module file ../../../Engine/Plugins/Developer/SubversionSourceControl/Binaries/Win64/UE4Editor-SubversionSourceControl.dll (API version 3944462).
LogModuleManager: Display: Found up-to-date module file ../../../Engine/Plugins/Developer/UObjectPlugin/Binaries/Win64/UE4Editor-UObjectPlugin.dll (API version 3944462).
LogModuleManager: Display: Found up-to-date module file ../../../Engine/Plugins/Developer/VisualStudioCodeSourceCodeAccess/Binaries/Win64/UE4Editor-VisualStudioCodeSourceCodeAccess.dll (API version 3944462).
LogModuleManager: Display: Found up-to-date module file ../../../Engine/Plugins/Developer/VisualStudioSourceCodeAccess/Binaries/Win64/UE4Editor-VisualStudioSourceCodeAccess.dll (API version 3944462).
LogModuleManager: Display: Found up-to-date module file ../../../Engine/Plugins/Editor/AssetManagerEditor/Binaries/Win64/UE4Editor-AssetManagerEditor.dll (API version 3944462).
LogModuleManager: Display: Found up-to-date module file ../../../Engine/Plugins/Editor/CryptoKeys/Binaries/Win64/UE4Editor-CryptoKeys.dll (API version 3944462).
LogModuleManager: Display: Found up-to-date module file ../../../Engine/Plugins/Editor/CryptoKeys/Binaries/Win64/UE4Editor-CryptoKeysOpenSSL.dll (API version 3944462).
LogModuleManager: Display: Found up-to-date module file ../../../Engine/Plugins/Editor/DataValidation/Binaries/Win64/UE4Editor-DataValidation.dll (API version 3944462).
LogModuleManager: Display: Found up-to-date module file ../../../Engine/Plugins/Editor/FacialAnimation/Binaries/Win64/UE4Editor-FacialAnimation.dll (API version 3944462).
LogModuleManager: Display: Found up-to-date module file ../../../Engine/Plugins/Editor/FacialAnimation/Binaries/Win64/UE4Editor-FacialAnimationEditor.dll (API version 3944462).
LogModuleManager: Display: Found up-to-date module file ../../../Engine/Plugins/Editor/GameplayTagsEditor/Binaries/Win64/UE4Editor-GameplayTagsEditor.dll (API version 3944462).
LogModuleManager: Display: Found up-to-date module file ../../../Engine/Plugins/Editor/MobileLauncherProfileWizard/Binaries/Win64/UE4Editor-MobileLauncherProfileWizard.dll (API version 3944462).
LogModuleManager: Display: Found up-to-date module file ../../../Engine/Plugins/Editor/PluginBrowser/Binaries/Win64/UE4Editor-PluginBrowser.dll (API version 3944462).
LogModuleManager: Display: Found up-to-date module file ../../../Engine/Plugins/Editor/SpeedTreeImporter/Binaries/Win64/UE4Editor-SpeedTreeImporter.dll (API version 3944462).
LogModuleManager: Display: Found up-to-date module file ../../../Engine/Plugins/Enterprise/DatasmithContent/Binaries/Win64/UE4Editor-DatasmithContent.dll (API version 3944462).
LogModuleManager: Display: Found up-to-date module file ../../../Engine/Plugins/Experimental/AlembicImporter/Binaries/Win64/UE4Editor-AlembicImporter.dll (API version 3944462).
LogModuleManager: Display: Found up-to-date module file ../../../Engine/Plugins/Experimental/AlembicImporter/Binaries/Win64/UE4Editor-AlembicLibrary.dll (API version 3944462).
LogModuleManager: Display: Found up-to-date module file ../../../Engine/Plugins/Experimental/CharacterAI/Binaries/Win64/UE4Editor-CharacterAI.dll (API version 3944462).
LogModuleManager: Display: Found up-to-date module file ../../../Engine/Plugins/Experimental/HTML5Networking/Binaries/Win64/UE4Editor-HTML5Networking.dll (API version 3944462).
LogModuleManager: Display: Found up-to-date module file ../../../Engine/Plugins/Media/AndroidMedia/Binaries/Win64/UE4Editor-AndroidMediaEditor.dll (API version 3944462).
LogModuleManager: Display: Found up-to-date module file ../../../Engine/Plugins/Media/AndroidMedia/Binaries/Win64/UE4Editor-AndroidMediaFactory.dll (API version 3944462).
LogModuleManager: Display: Found up-to-date module file ../../../Engine/Plugins/Media/AvfMedia/Binaries/Win64/UE4Editor-AvfMediaEditor.dll (API version 3944462).
LogModuleManager: Display: Found up-to-date module file ../../../Engine/Plugins/Media/AvfMedia/Binaries/Win64/UE4Editor-AvfMediaFactory.dll (API version 3944462).
LogModuleManager: Display: Found up-to-date module file ../../../Engine/Plugins/Media/AvfMedia/Binaries/Win64/UE4Editor-AvfMediaFactory.dll (API version 3944462).
LogModuleManager: Display: Found up-to-date module file ../../../Engine/Plugins/Media/ImgMedia/Binaries/Win64/UE4Editor-ImgMedia.dll (API version 3944462).
LogModuleManager: Display: Found up-to-date module file ../../../Engine/Plugins/Media/ImgMedia/Binaries/Win64/UE4Editor-ImgMediaEditor.dll (API version 3944462).
LogModuleManager: Display: Found up-to-date module file ../../../Engine/Plugins/Media/ImgMedia/Binaries/Win64/UE4Editor-ImgMediaFactory.dll (API version 3944462).
LogModuleManager: Display: Found up-to-date module file ../../../Engine/Plugins/Media/ImgMedia/Binaries/Win64/UE4Editor-ImgMediaFactory.dll (API version 3944462).
LogModuleManager: Display: Found up-to-date module file ../../../Engine/Plugins/Media/ImgMedia/Binaries/Win64/UE4Editor-OpenExrWrapper.dll (API version 3944462).
LogModuleManager: Display: Found up-to-date module file ../../../Engine/Plugins/Media/LinearTimecode/Binaries/Win64/UE4Editor-LinearTimecode.dll (API version 3944462).
LogModuleManager: Display: Found up-to-date module file ../../../Engine/Plugins/Media/MediaCompositing/Binaries/Win64/UE4Editor-MediaCompositing.dll (API version 3944462).
LogModuleManager: Display: Found up-to-date module file ../../../Engine/Plugins/Media/MediaCompositing/Binaries/Win64/UE4Editor-MediaCompositingEditor.dll (API version 3944462).
LogModuleManager: Display: Found up-to-date module file ../../../Engine/Plugins/Media/MediaPlayerEditor/Binaries/Win64/UE4Editor-MediaPlayerEditor.dll (API version 3944462).
LogModuleManager: Display: Found up-to-date module file ../../../Engine/Plugins/Media/WmfMedia/Binaries/Win64/UE4Editor-WmfMedia.dll (API version 3944462).
LogModuleManager: Display: Found up-to-date module file ../../../Engine/Plugins/Media/WmfMedia/Binaries/Win64/UE4Editor-WmfMediaEditor.dll (API version 3944462).
LogModuleManager: Display: Found up-to-date module file ../../../Engine/Plugins/Media/WmfMedia/Binaries/Win64/UE4Editor-WmfMediaFactory.dll (API version 3944462).
LogModuleManager: Display: Found up-to-date module file ../../../Engine/Plugins/Media/WmfMedia/Binaries/Win64/UE4Editor-WmfMediaFactory.dll (API version 3944462).
LogModuleManager: Display: Found up-to-date module file ../../../Engine/Plugins/Messaging/TcpMessaging/Binaries/Win64/UE4Editor-TcpMessaging.dll (API version 3944462).
LogModuleManager: Display: Found up-to-date module file ../../../Engine/Plugins/Messaging/UdpMessaging/Binaries/Win64/UE4Editor-UdpMessaging.dll (API version 3944462).
LogModuleManager: Display: Found up-to-date module file ../../../Engine/Plugins/MovieScene/ActorSequence/Binaries/Win64/UE4Editor-ActorSequence.dll (API version 3944462).
LogModuleManager: Display: Found up-to-date module file ../../../Engine/Plugins/MovieScene/LevelSequenceEditor/Binaries/Win64/UE4Editor-LevelSequenceEditor.dll (API version 3944462).
LogModuleManager: Display: Found up-to-date module file ../../../Engine/Plugins/MovieScene/MatineeToLevelSequence/Binaries/Win64/UE4Editor-MatineeToLevelSequence.dll (API version 3944462).
LogModuleManager: Display: Found up-to-date module file ../../../Engine/Plugins/NetcodeUnitTest/NetcodeUnitTest/Binaries/Win64/UE4Editor-NetcodeUnitTest.dll (API version 3944462).
LogModuleManager: Display: Found up-to-date module file ../../../Engine/Plugins/NetcodeUnitTest/NUTUnrealEngine4/Binaries/Win64/UE4Editor-NUTUnrealEngine4.dll (API version 3944462).
LogModuleManager: Display: Found up-to-date module file ../../../Engine/Plugins/Online/OnlineSubsystem/Binaries/Win64/UE4Editor-OnlineSubsystem.dll (API version 3944462).
LogModuleManager: Display: Found up-to-date module file ../../../Engine/Plugins/Runtime/AndroidPermission/Binaries/Win64/UE4Editor-AndroidPermission.dll (API version 3944462).
LogModuleManager: Display: Found up-to-date module file ../../../Engine/Plugins/Online/OnlineSubsystemNull/Binaries/Win64/UE4Editor-OnlineSubsystemNull.dll (API version 3944462).
LogModuleManager: Display: Found up-to-date module file ../../../Engine/Plugins/Online/OnlineSubsystemUtils/Binaries/Win64/UE4Editor-OnlineSubsystemUtils.dll (API version 3944462).
LogModuleManager: Display: Found up-to-date module file ../../../Engine/Plugins/Online/OnlineSubsystemUtils/Binaries/Win64/UE4Editor-OnlineBlueprintSupport.dll (API version 3944462).
LogModuleManager: Display: Found up-to-date module file ../../../Engine/Plugins/Runtime/AndroidDeviceProfileSelector/Binaries/Win64/UE4Editor-AndroidDeviceProfileSelector.dll (API version 3944462).
LogModuleManager: Display: Found up-to-date module file ../../../Engine/Plugins/Runtime/AppleARKit/Binaries/Win64/UE4Editor-AppleARKit.dll (API version 3944462).
LogModuleManager: Display: Found up-to-date module file ../../../Engine/Plugins/Runtime/ProceduralMeshComponent/Binaries/Win64/UE4Editor-ProceduralMeshComponent.dll (API version 3944462).
LogModuleManager: Display: Found up-to-date module file ../../../Engine/Plugins/Runtime/ProceduralMeshComponent/Binaries/Win64/UE4Editor-ProceduralMeshComponentEditor.dll (API version 3944462).
LogModuleManager: Display: Found up-to-date module file ../../../Engine/Plugins/Animation/LiveLink/Binaries/Win64/UE4Editor-LiveLink.dll (API version 3944462).
LogModuleManager: Display: Found up-to-date module file ../../../Engine/Plugins/Animation/LiveLink/Binaries/Win64/UE4Editor-LiveLinkEditor.dll (API version 3944462).
LogModuleManager: Display: Found up-to-date module file ../../../Engine/Plugins/Runtime/ArchVisCharacter/Binaries/Win64/UE4Editor-ArchVisCharacter.dll (API version 3944462).
LogModuleManager: Display: Found up-to-date module file ../../../Engine/Plugins/Runtime/AudioCapture/Binaries/Win64/UE4Editor-AudioCapture.dll (API version 3944462).
LogModuleManager: Display: Found up-to-date module file ../../../Engine/Plugins/Runtime/AudioCapture/Binaries/Win64/UE4Editor-AudioCaptureEditor.dll (API version 3944462).
LogModuleManager: Display: Found up-to-date module file ../../../Engine/Plugins/Runtime/CableComponent/Binaries/Win64/UE4Editor-CableComponent.dll (API version 3944462).
LogModuleManager: Display: Found up-to-date module file ../../../Engine/Plugins/Runtime/CustomMeshComponent/Binaries/Win64/UE4Editor-CustomMeshComponent.dll (API version 3944462).
LogModuleManager: Display: Found up-to-date module file ../../../Engine/Plugins/Runtime/ExampleDeviceProfileSelector/Binaries/Win64/UE4Editor-ExampleDeviceProfileSelector.dll (API version 3944462).
LogModuleManager: Display: Found up-to-date module file ../../../Engine/Plugins/Runtime/ImmediatePhysics/Binaries/Win64/UE4Editor-ImmediatePhysics.dll (API version 3944462).
LogModuleManager: Display: Found up-to-date module file ../../../Engine/Plugins/Runtime/ImmediatePhysics/Binaries/Win64/UE4Editor-ImmediatePhysicsEditor.dll (API version 3944462).
LogModuleManager: Display: Found up-to-date module file ../../../Engine/Plugins/Runtime/LocationServicesBPLibrary/Binaries/Win64/UE4Editor-LocationServicesBPLibrary.dll (API version 3944462).
LogModuleManager: Display: Found up-to-date module file ../../../Engine/Plugins/Runtime/MobilePatchingUtils/Binaries/Win64/UE4Editor-MobilePatchingUtils.dll (API version 3944462).
LogModuleManager: Display: Found up-to-date module file ../../../Engine/Plugins/Runtime/Oculus/OculusVR/Binaries/Win64/UE4Editor-OculusHMD.dll (API version 3944462).
LogModuleManager: Display: Found up-to-date module file ../../../Engine/Plugins/Runtime/Oculus/OculusVR/Binaries/Win64/UE4Editor-OculusInput.dll (API version 3944462).
LogModuleManager: Display: Found up-to-date module file ../../../Engine/Plugins/Runtime/Oculus/OculusVR/Binaries/Win64/UE4Editor-OculusEditor.dll (API version 3944462).
LogModuleManager: Display: Found up-to-date module file ../../../Engine/Plugins/Runtime/PhysXVehicles/Binaries/Win64/UE4Editor-PhysXVehicles.dll (API version 3944462).
LogModuleManager: Display: Found up-to-date module file ../../../Engine/Plugins/Runtime/PhysXVehicles/Binaries/Win64/UE4Editor-PhysXVehiclesEditor.dll (API version 3944462).
LogModuleManager: Display: Found up-to-date module file ../../../Engine/Plugins/Runtime/RuntimePhysXCooking/Binaries/Win64/UE4Editor-RuntimePhysXCooking.dll (API version 3944462).
LogModuleManager: Display: Found up-to-date module file ../../../Engine/Plugins/Runtime/Steam/SteamVR/Binaries/Win64/UE4Editor-SteamVR.dll (API version 3944462).
LogModuleManager: Display: Found up-to-date module file ../../../Engine/Plugins/Runtime/Steam/SteamVR/Binaries/Win64/UE4Editor-SteamVRController.dll (API version 3944462).
LogModuleManager: Display: Found up-to-date module file ../../../Engine/Plugins/Runtime/WindowsMoviePlayer/Binaries/Win64/UE4Editor-WindowsMoviePlayer.dll (API version 3944462).
LogPluginManager: Mounting plugin Paper2D
LogPluginManager: Mounting plugin LiveLink
LogPluginManager: Mounting plugin LightPropagationVolume
LogPluginManager: Mounting plugin CLionSourceCodeAccess
LogPluginManager: Mounting plugin CodeLiteSourceCodeAccess
LogPluginManager: Mounting plugin GitSourceControl
LogPluginManager: Mounting plugin KDevelopSourceCodeAccess
LogPluginManager: Mounting plugin NullSourceCodeAccess
LogPluginManager: Mounting plugin PerforceSourceControl
LogPluginManager: Mounting plugin SubversionSourceControl
LogPluginManager: Mounting plugin UObjectPlugin
LogPluginManager: Mounting plugin VisualStudioCodeSourceCodeAccess
LogPluginManager: Mounting plugin VisualStudioSourceCodeAccess
LogPluginManager: Mounting plugin XCodeSourceCodeAccess
LogPluginManager: Mounting plugin AssetManagerEditor
LogPluginManager: Mounting plugin CryptoKeys
LogPluginManager: Mounting plugin DataValidation
LogPluginManager: Mounting plugin FacialAnimation
LogPluginManager: Mounting plugin GameplayTagsEditor
LogPluginManager: Mounting plugin MobileLauncherProfileWizard
LogPluginManager: Mounting plugin PluginBrowser
LogPluginManager: Mounting plugin SpeedTreeImporter
LogPluginManager: Mounting plugin DatasmithContent
LogPluginManager: Mounting plugin AlembicImporter
LogPluginManager: Mounting plugin CharacterAI
LogPluginManager: Mounting plugin HTML5Networking
LogPluginManager: Mounting plugin AndroidMedia
LogPluginManager: Mounting plugin AvfMedia
LogPluginManager: Mounting plugin ImgMedia
LogPluginManager: Mounting plugin LinearTimecode
LogPluginManager: Mounting plugin MediaCompositing
LogPluginManager: Mounting plugin MediaPlayerEditor
LogPluginManager: Mounting plugin WmfMedia
LogPluginManager: Mounting plugin TcpMessaging
LogPluginManager: Mounting plugin UdpMessaging
LogPluginManager: Mounting plugin ActorSequence
LogPluginManager: Mounting plugin LevelSequenceEditor
LogPluginManager: Mounting plugin MatineeToLevelSequence
LogPluginManager: Mounting plugin NetcodeUnitTest
LogPluginManager: Mounting plugin NUTUnrealEngine4
LogPluginManager: Mounting plugin OnlineSubsystemGooglePlay
LogPluginManager: Mounting plugin OnlineSubsystemIOS
LogPluginManager: Mounting plugin OnlineSubsystem
LogPluginManager: Mounting plugin OnlineSubsystemNull
LogPluginManager: Mounting plugin OnlineSubsystemUtils
LogPluginManager: Mounting plugin AndroidDeviceProfileSelector
LogPluginManager: Mounting plugin AndroidMoviePlayer
LogPluginManager: Mounting plugin AndroidPermission
LogPluginManager: Mounting plugin AppleARKit
LogPluginManager: Mounting plugin AppleMoviePlayer
LogPluginManager: Mounting plugin ArchVisCharacter
LogPluginManager: Mounting plugin AudioCapture
LogPluginManager: Mounting plugin CableComponent
LogPluginManager: Mounting plugin CustomMeshComponent
LogPluginManager: Mounting plugin ExampleDeviceProfileSelector
LogPluginManager: Mounting plugin GoogleCloudMessaging
LogPluginManager: Mounting plugin ImmediatePhysics
LogPluginManager: Mounting plugin IOSDeviceProfileSelector
LogPluginManager: Mounting plugin LinuxDeviceProfileSelector
LogPluginManager: Mounting plugin LocationServicesBPLibrary
LogPluginManager: Mounting plugin MobilePatchingUtils
LogPluginManager: Mounting plugin OculusVR
LogPluginManager: Plugin shader directory ../../../Engine/Plugins/Runtime/Oculus/OculusVR/Shaders found
LogPluginManager: Mapping shader source directory ../../../Engine/Plugins/Runtime/Oculus/OculusVR/Shaders to virtual directory /Plugin/OculusVR
LogPluginManager: Mounting plugin PhysXVehicles
LogPluginManager: Mounting plugin ProceduralMeshComponent
LogPluginManager: Mounting plugin RuntimePhysXCooking
LogPluginManager: Mounting plugin SteamVR
LogPluginManager: Mounting plugin WindowsMoviePlayer
LogStreaming: Display: Took  3.431s to configure plugins.
LogInit: Using libcurl 7.47.1
LogInit:  - built for x86_64-pc-win32
LogInit:  - supports SSL with OpenSSL/1.0.2g
LogInit:  - supports HTTP deflate (compression) using libz 1.2.8
LogInit:  - other features:
LogInit:      CURL_VERSION_SSL
LogInit:      CURL_VERSION_LIBZ
LogInit:      CURL_VERSION_IPV6
LogInit:      CURL_VERSION_ASYNCHDNS
LogInit:      CURL_VERSION_LARGEFILE
LogInit:      CURL_VERSION_IDN
LogInit:  CurlRequestOptions (configurable via config and command line):
LogInit:  - bVerifyPeer = false  - Libcurl will NOT verify peer certificate
LogInit:  - bUseHttpProxy = false  - Libcurl will NOT use HTTP proxy
LogInit:  - bDontReuseConnections = false  - Libcurl will reuse connections
LogInit:  - CertBundlePath = nullptr  - Libcurl will use whatever was configured at build time.
LogInit:  - MaxHostConnections = 16  - Libcurl will limit the number of connections to a host
LogInit:  - LocalHostAddr = Default
LogInit: WinSock: version 1.1 (2.2), MaxSocks=32767, MaxUdp=65467
LogInit: WinSock: I am DESKTOP-1SB9H3L (192.168.1.4:0)
LogInit: Build: ++UE4+Release-4.19-CL-4033788
LogInit: Engine Version: 4.19.2-4033788+++UE4+Release-4.19
LogInit: Compatible Engine Version: 4.19.0-3944462+++UE4+Release-4.19
LogInit: Net CL: 3944462
LogDevObjectVersion: Number of dev versions registered: 18
LogDevObjectVersion:   Dev-Blueprints (B0D832E4-1F89-4F0D-ACCF-7EB736FD4AA2): 10
LogDevObjectVersion:   Dev-Build (E1C64328-A22C-4D53-A36C-8E866417BD8C): 0
LogDevObjectVersion:   Dev-Core (375EC13C-06E4-48FB-B500-84F0262A717E): 2
LogDevObjectVersion:   Dev-Editor (E4B068ED-F494-42E9-A231-DA0B2E46BB41): 23
LogDevObjectVersion:   Dev-Framework (CFFC743F-43B0-4480-9391-14DF171D2073): 33
LogDevObjectVersion:   Dev-Mobile (B02B49B5-BB20-44E9-A304-32B752E40360): 2
LogDevObjectVersion:   Dev-Networking (A4E4105C-59A1-49B5-A7C5-40C4547EDFEE): 0
LogDevObjectVersion:   Dev-Online (39C831C9-5AE6-47DC-9A44-9C173E1C8E7C): 0
LogDevObjectVersion:   Dev-Physics (78F01B33-EBEA-4F98-B9B4-84EACCB95AA2): 0
LogDevObjectVersion:   Dev-Platform (6631380F-2D4D-43E0-8009-CF276956A95A): 0
LogDevObjectVersion:   Dev-Rendering (12F88B9F-8875-4AFC-A67C-D90C383ABD29): 25
LogDevObjectVersion:   Dev-Sequencer (7B5AE74C-D270-4C10-A958-57980B212A5A): 6
LogDevObjectVersion:   Dev-VR (D7296918-1DD6-4BDD-9DE2-64A83CC13884): 1
LogDevObjectVersion:   Dev-LoadTimes (C2A15278-BFE7-4AFE-6C17-90FF531DF755): 1
LogDevObjectVersion:   Private-Geometry (6EACA3D4-40EC-4CC1-B786-8BED09428FC5): 2
LogDevObjectVersion:   Dev-AnimPhys (29E575DD-E0A3-4627-9D10-D276232CDCEA): 16
LogDevObjectVersion:   Dev-ReflectionCapture (6B266CEC-1EC7-4B8F-A30B-E4D90942FC07): 1
LogDevObjectVersion:   Dev-Automation (0DF73D61-A23F-47EA-B727-89E90C41499A): 1
LogInit: Compiled (64-bit): Apr 27 2018 02:06:57
LogInit: Compiled with Visual C++: 19.00.24215.01
LogInit: Build Configuration: Development
LogInit: Branch Name: ++UE4+Release-4.19
LogInit: Command Line:  
LogInit: Base Directory: D:/TotallyNotFortnite/UE_4.19/Engine/Binaries/Win64/
LogInit: Installed Engine Build: 1
LogStreaming: Display: Took  0.012s to delete old logs.
LogInit: Presizing for max 8388607 objects, including 0 objects not considered by GC, pre-allocating 0 bytes for permanent pool.
LogInit: Object subsystem initialized
[2018.06.20-17.09.29:688][  0]LogInit: Selected Device Profile: [Windows]
[2018.06.20-17.09.29:688][  0]LogInit: Applying CVar settings loaded from the selected device profile: [Windows]
[2018.06.20-17.09.29:877][  0]LogInit: Computer: DESKTOP-1SB9H3L
[2018.06.20-17.09.29:877][  0]LogInit: User: Bartek
[2018.06.20-17.09.29:877][  0]LogInit: CPU Page size=4096, Cores=4
[2018.06.20-17.09.29:877][  0]LogInit: High frequency timer resolution =2.742186 MHz
[2018.06.20-17.09.29:886][  0]LogMemory: Memory total: Physical=8.0GB (8GB approx)
[2018.06.20-17.09.29:887][  0]LogMemory: Platform Memory Stats for Windows
[2018.06.20-17.09.29:887][  0]LogMemory: Process Physical Memory: 276.11 MB used, 276.11 MB peak
[2018.06.20-17.09.29:887][  0]LogMemory: Process Virtual Memory: 266.06 MB used, 266.06 MB peak
[2018.06.20-17.09.29:887][  0]LogMemory: Physical Memory: 5604.75 MB used,  2540.14 MB free, 8144.89 MB total
[2018.06.20-17.09.29:887][  0]LogMemory: Virtual Memory: 690.03 MB used,  2540.14 MB free, 134217728.00 MB total
[2018.06.20-17.09.31:637][  0]LogInit: Using OS detected language (pl-PL).
[2018.06.20-17.09.31:637][  0]LogInit: Using OS detected locale (pl-PL).
[2018.06.20-17.09.31:844][  0]LogTextLocalizationManager: No localization for 'pl-PL' exists, so 'en' will be used for the language.
[2018.06.20-17.09.32:689][  0]LogStreaming: Display: Took  1.036s to EndInitTextLocalization.
[2018.06.20-17.09.32:714][  0]LogInit: Setting process to per monitor DPI aware
[2018.06.20-17.09.33:446][  0]LogSlate: New Slate User Created.  User Index 0, Is Virtual User: 0
[2018.06.20-17.09.33:446][  0]LogSlate: Slate User Registered.  User Index 0, Is Virtual User: 0
[2018.06.20-17.09.34:829][  0]LogD3D11RHI: D3D11 adapters:
[2018.06.20-17.09.34:908][  0]LogD3D11RHI:    0. 'NVIDIA GeForce GTX 1060' (Feature Level 11_0)
[2018.06.20-17.09.34:908][  0]LogD3D11RHI:       6084/0/4072 MB DedicatedVideo/DedicatedSystem/SharedSystem, Outputs:1, VendorId:0x10de
[2018.06.20-17.09.34:910][  0]LogD3D11RHI:    1. 'Microsoft Basic Render Driver' (Feature Level 11_0)
[2018.06.20-17.09.34:910][  0]LogD3D11RHI:       0/0/4072 MB DedicatedVideo/DedicatedSystem/SharedSystem, Outputs:0, VendorId:0x1414
[2018.06.20-17.09.34:910][  0]LogD3D11RHI: Chosen D3D11 Adapter: 0
[2018.06.20-17.09.34:949][  0]LogD3D11RHI: Creating new Direct3DDevice
[2018.06.20-17.09.34:949][  0]LogD3D11RHI:     GPU DeviceId: 0x1c60 (for the marketing name, search the web for "GPU Device Id")
[2018.06.20-17.09.34:949][  0]LogWindows: EnumDisplayDevices:
[2018.06.20-17.09.34:949][  0]LogWindows:    0. 'NVIDIA GeForce GTX 1060' (P:1 D:1)
[2018.06.20-17.09.34:950][  0]LogWindows:    1. 'NVIDIA GeForce GTX 1060' (P:0 D:0)
[2018.06.20-17.09.34:950][  0]LogWindows:    2. 'NVIDIA GeForce GTX 1060' (P:0 D:0)
[2018.06.20-17.09.34:950][  0]LogWindows:    3. 'NVIDIA GeForce GTX 1060' (P:0 D:0)
[2018.06.20-17.09.34:950][  0]LogWindows: DebugString: GetVideoDriverDetailsInvalid PrimaryIsNotTheChoosenAdapter GetVideoDriverDetailsInvalid PrimaryIsNotTheChoosenAdapter GetVideoDriverDetailsInvalid PrimaryIsNotTheChoosenAdapter GetVideoDriverDetailsInvalid PrimaryIsNotTheChoosenAdapter FoundDriverCount:0 
[2018.06.20-17.09.34:950][  0]LogD3D11RHI:     Adapter Name: NVIDIA GeForce GTX 1060
[2018.06.20-17.09.34:951][  0]LogD3D11RHI:   Driver Version: Unknown (internal:Unknown, unified:Unknown)
[2018.06.20-17.09.34:951][  0]LogD3D11RHI:      Driver Date: Unknown
[2018.06.20-17.09.34:951][  0]LogRHI: Texture pool is 4259 MB (70% of 6084 MB)
[2018.06.20-17.09.34:995][  0]LogD3D11RHI: [Aftermath] Aftermath enabled but failed to initialize
[2018.06.20-17.09.34:995][  0]LogD3D11RHI: [Aftermath] Aftermath enabled and primed
[2018.06.20-17.09.34:995][  0]LogD3D11RHI: Async texture creation enabled
[2018.06.20-17.09.35:310][  0]LogD3D11RHI: GPU Timing Frequency: 1000.000000 (Debug: 2 1)
[2018.06.20-17.09.35:478][  0]LogShaderCompilers: Guid format shader working directory is -7 characters bigger than the processId version (../../../../../UnrealEngine Projects/UnrealEssentials/Intermediate/Shaders/WorkingDirectory/11512/).
[2018.06.20-17.09.35:486][  0]LogShaderCompilers: Cleaned the shader compiler working directory 'C:/Users/Bartek/AppData/Local/Temp/UnrealShaderWorkingDir/AADB0002473300F68FF991B15C052600/'.
[2018.06.20-17.09.37:388][  0]LogTemp: Display: Loaded TP AllDesktopTargetPlatform
[2018.06.20-17.09.37:400][  0]LogTemp: Display: Loaded TP MacClientTargetPlatform
[2018.06.20-17.09.37:414][  0]LogTemp: Display: Loaded TP MacNoEditorTargetPlatform
[2018.06.20-17.09.37:426][  0]LogTemp: Display: Loaded TP MacServerTargetPlatform
[2018.06.20-17.09.37:485][  0]LogTemp: Display: Loaded TP MacTargetPlatform
[2018.06.20-17.09.37:497][  0]LogTemp: Display: Loaded TP WindowsClientTargetPlatform
[2018.06.20-17.09.37:509][  0]LogTemp: Display: Loaded TP WindowsNoEditorTargetPlatform
[2018.06.20-17.09.37:522][  0]LogTemp: Display: Loaded TP WindowsServerTargetPlatform
[2018.06.20-17.09.37:553][  0]LogTemp: Display: Loaded TP WindowsTargetPlatform
[2018.06.20-17.09.37:579][  0]LogTemp: Display: Loaded TP Android_ASTCTargetPlatform
[2018.06.20-17.09.37:602][  0]LogTemp: Display: Loaded TP Android_ATCTargetPlatform
[2018.06.20-17.09.37:615][  0]LogTemp: Display: Loaded TP Android_DXTTargetPlatform
[2018.06.20-17.09.37:643][  0]LogTemp: Display: Loaded TP Android_ETC1aTargetPlatform
[2018.06.20-17.09.37:659][  0]LogTemp: Display: Loaded TP Android_ETC1TargetPlatform
[2018.06.20-17.09.37:671][  0]LogTemp: Display: Loaded TP Android_ETC2TargetPlatform
[2018.06.20-17.09.37:722][  0]LogTemp: Display: Loaded TP Android_MultiTargetPlatform
[2018.06.20-17.09.37:722][  0]LogTemp: Display: Loaded TP Android_PVRTCTargetPlatform
[2018.06.20-17.09.37:756][  0]LogTemp: Display: Loaded TP AndroidTargetPlatform
[2018.06.20-17.09.37:758][  0]LogTemp: Display: Loaded TP HTML5TargetPlatform
[2018.06.20-17.09.37:870][  0]LogTemp: Display: Loaded TP IOSTargetPlatform
[2018.06.20-17.09.37:885][  0]LogTemp: Display: Loaded TP TVOSTargetPlatform
[2018.06.20-17.09.37:897][  0]LogTemp: Display: Loaded TP LinuxClientTargetPlatform
[2018.06.20-17.09.37:909][  0]LogTemp: Display: Loaded TP LinuxNoEditorTargetPlatform
[2018.06.20-17.09.37:921][  0]LogTemp: Display: Loaded TP LinuxServerTargetPlatform
[2018.06.20-17.09.37:933][  0]LogTemp: Display: Loaded TP LinuxTargetPlatform
[2018.06.20-17.09.37:933][  0]LogTargetPlatformManager: Display: Building Assets For Windows
[2018.06.20-17.09.38:744][  0]LogXGEController: Cleaning working directory: C:/Users/Bartek/AppData/Local/Temp/UnrealXGEWorkingDir/
[2018.06.20-17.09.38:745][  0]LogXGEController: Cannot use XGE Controller as Incredibuild is not installed on this machine.
[2018.06.20-17.09.38:757][  0]LogShaderCompilers: Cannot use XGE Shader Compiler as Incredibuild is not installed on this machine.
[2018.06.20-17.09.38:757][  0]LogShaderCompilers: Display: Using Local Shader Compiler.
[2018.06.20-17.09.41:042][  0]LogDerivedDataCache: Display: Max Cache Size: 512 MB
[2018.06.20-17.09.41:438][  0]LogDerivedDataCache: Loaded boot cache 0.39s 74MB C:/Users/Bartek/AppData/Local/UnrealEngine/4.19/DerivedDataCache/Boot.ddc.
[2018.06.20-17.09.41:438][  0]LogDerivedDataCache: Display: Loaded Boot cache: C:/Users/Bartek/AppData/Local/UnrealEngine/4.19/DerivedDataCache/Boot.ddc
[2018.06.20-17.09.41:438][  0]LogDerivedDataCache: FDerivedDataBackendGraph:  Pak pak cache file ../../../../../UnrealEngine Projects/UnrealEssentials/DerivedDataCache/DDC.ddp not found, will not use a pak cache.
[2018.06.20-17.09.41:438][  0]LogDerivedDataCache: Unable to find inner node Pak for hierarchical cache Hierarchy.
[2018.06.20-17.09.41:438][  0]LogDerivedDataCache: FDerivedDataBackendGraph:  CompressedPak pak cache file ../../../../../UnrealEngine Projects/UnrealEssentials/DerivedDataCache/Compressed.ddp not found, will not use a pak cache.
[2018.06.20-17.09.41:438][  0]LogDerivedDataCache: Unable to find inner node CompressedPak for hierarchical cache Hierarchy.
[2018.06.20-17.09.41:514][  0]LogDerivedDataCache: Display: Pak cache opened for reading ../../../Engine/DerivedDataCache/Compressed.ddp.
[2018.06.20-17.09.41:529][  0]LogDerivedDataCache: Using Local data cache path C:/Users/Bartek/AppData/Local/UnrealEngine/Common/DerivedDataCache: Writable
[2018.06.20-17.09.41:529][  0]LogDerivedDataCache: Shared data cache path not found in *engine.ini, will not use an Shared cache.
[2018.06.20-17.09.41:529][  0]LogDerivedDataCache: Unable to find inner node Shared for hierarchical cache Hierarchy.
[2018.06.20-17.09.41:580][  0]LogMaterial: Verifying Global Shaders for PCD3D_SM5
[2018.06.20-17.09.41:629][  0]LogSlate: Using Freetype 2.6.0
[2018.06.20-17.09.41:728][  0]LogSlate: SlateFontCache - WITH_FREETYPE: 1, WITH_HARFBUZZ: 1
[2018.06.20-17.09.41:728][  0]LogSlate: SlateFontCache - WITH_FREETYPE: 1, WITH_HARFBUZZ: 1
[2018.06.20-17.09.47:269][  0]LogAssetRegistry: FAssetRegistry took 0.0494 seconds to start up
[2018.06.20-17.09.51:411][  0]LogInit: Selected Device Profile: [Windows]
[2018.06.20-17.09.52:954][  0]LogSimplygon: Simplygon DLL not present - disabling.
[2018.06.20-17.09.52:977][  0]LogMeshReduction: Using SimplygonSwarm for distributed automatic mesh merging
[2018.06.20-17.09.52:977][  0]LogMeshReduction: Using QuadricMeshReduction for automatic static mesh reduction
[2018.06.20-17.09.52:978][  0]LogMeshReduction: No automatic skeletal mesh reduction module available
[2018.06.20-17.09.52:978][  0]LogMeshReduction: No automatic mesh merging module available
[2018.06.20-17.09.52:978][  0]LogMeshMerging: No automatic mesh merging module available
[2018.06.20-17.09.53:542][  0]LogNetVersion: UnrealEssentials , NetCL: 3944462, EngineNetVer: 2, GameNetVer: 0 (Checksum: 3858252374)
[2018.06.20-17.09.58:734][  0]LogPackageLocalizationCache: Processed 9 localized package path(s) for 1 prioritized culture(s) in 0.072791 seconds
[2018.06.20-17.09.58:842][  0]LogUObjectArray: 36728 objects as part of root set at end of initial load.
[2018.06.20-17.09.58:842][  0]LogUObjectAllocator: 7314304 out of 0 bytes used by permanent object pool.
[2018.06.20-17.09.58:842][  0]LogUObjectArray: CloseDisregardForGC: 0/0 objects in disregard for GC pool
[2018.06.20-17.10.21:248][  0]LogTcpMessaging: Initializing TcpMessaging bridge
[2018.06.20-17.10.21:309][  0]LogUdpMessaging: Initializing bridge on interface 0.0.0.0:0 to multicast group 230.0.0.1:6666.
[2018.06.20-17.10.22:270][  0]SourceControl: Source control is disabled
[2018.06.20-17.10.22:271][  0]SourceControl: Source control is disabled
[2018.06.20-17.10.22:348][  0]SourceControl: Source control is disabled
[2018.06.20-17.10.22:380][  0]SourceControl: Source control is disabled
[2018.06.20-17.10.23:488][  0]LogAndroidPermission: UAndroidPermissionCallbackProxy::GetInstance
[2018.06.20-17.10.23:649][  0]LogOcInput: OculusInput pre-init called
[2018.06.20-17.10.24:252][  0]LogEngine: Initializing Engine...
[2018.06.20-17.10.24:302][  0]LogHMD: Failed to initialize OpenVR with code 110
[2018.06.20-17.10.24:346][  0]LogStats: UGameplayTagsManager::ConstructGameplayTagTree: Construct from data asset -  0.000 s
[2018.06.20-17.10.24:347][  0]LogStats: UGameplayTagsManager::ConstructGameplayTagTree: GameplayTagTreeChangedEvent.Broadcast -  0.000 s
[2018.06.20-17.10.25:760][  0]LogAIModule: Creating AISystem for world Untitled
[2018.06.20-17.10.25:968][  0]LogInit: XAudio2 using 'Speakers (Realtek High Definition Audio)' : 6 channels at 48 kHz using 32 bits per sample (channel mask 0x3f)
[2018.06.20-17.10.26:075][  0]LogInit: FAudioDevice initialized.
[2018.06.20-17.10.26:185][  0]LogDerivedDataCache: Saved boot cache 0.10s 74MB C:/Users/Bartek/AppData/Local/UnrealEngine/4.19/DerivedDataCache/Boot.ddc.
[2018.06.20-17.10.26:201][  0]LogInit: Texture streaming: Enabled
[2018.06.20-17.10.26:293][  0]LogEngineSessionManager: EngineSessionManager initialized
[2018.06.20-17.10.26:491][  0]LogInit: Transaction tracking system initialized
[2018.06.20-17.10.26:867][  0]BlueprintLog: New page: Editor Load
[2018.06.20-17.10.27:920][  0]LocalizationService: Localization service is disabled
[2018.06.20-17.10.28:927][  0]LogConsoleResponse: Display: 
[2018.06.20-17.10.31:795][  0]LogFileCache: Scanning file cache for directory 'D:/UnrealEngine Projects/UnrealEssentials/Content/' took 0.05s
[2018.06.20-17.10.31:796][  0]LogCook: Display: Max memory allowance for cook 16384mb min free memory 0mb
[2018.06.20-17.10.31:796][  0]LogCook: Display: Mobile HDR setting 1
[2018.06.20-17.10.31:796][  0]LogGameplayTags: Display: UGameplayTagsManager::DoneAddingNativeTags. DelegateIsBound: 0
[2018.06.20-17.10.31:796][  0]LogStats: UGameplayTagsManager::ConstructGameplayTagTree: Construct from data asset -  0.000 s
[2018.06.20-17.10.31:796][  0]LogStats: UGameplayTagsManager::ConstructGameplayTagTree: GameplayTagTreeChangedEvent.Broadcast -  0.000 s
[2018.06.20-17.10.33:619][  0]SourceControl: Source control is disabled
[2018.06.20-17.10.33:661][  0]Cmd: MAP LOAD FILE="../../../../../UnrealEngine Projects/UnrealEssentials/Content/ThirdPersonBP/Maps/ThirdPersonExampleMap.umap" TEMPLATE=0 SHOWPROGRESS=1 FEATURELEVEL=3
[2018.06.20-17.10.33:684][  0]LightingResults: New page: Lighting Build
[2018.06.20-17.10.33:846][  0]MapCheck: New page: Map Check
[2018.06.20-17.10.33:846][  0]LightingResults: New page: Lighting Build
[2018.06.20-17.10.34:945][  0]LogUObjectGlobals: Created PersistentFrame Addr=0x000001f8017ee980, Size=64, Default__ThirdPerson_AnimBP_C Function /Game/Mannequin/Animations/ThirdPerson_AnimBP.ThirdPerson_AnimBP_C:ExecuteUbergraph_ThirdPerson_AnimBP
[2018.06.20-17.10.35:106][  0]LogUObjectGlobals: Destroyed PersistentFrame Addr=0x000001f8017ee980, Size=64
[2018.06.20-17.10.35:106][  0]LogUObjectGlobals: Created PersistentFrame Addr=0x000001f8017ee5c0, Size=64, Default__ThirdPerson_AnimBP_C Function /Engine/Transient.REINST_ThirdPerson_AnimBP_C_0:ExecuteUbergraph_ThirdPerson_AnimBP
[2018.06.20-17.10.35:236][  0]LogUObjectGlobals: Created PersistentFrame Addr=0x000001f81b2dbec0, Size=72, Default__ThirdPerson_AnimBP_C Function /Game/Mannequin/Animations/ThirdPerson_AnimBP.ThirdPerson_AnimBP_C:ExecuteUbergraph_ThirdPerson_AnimBP
[2018.06.20-17.10.35:645][  0]LogUObjectGlobals: Created PersistentFrame Addr=0x000001f81b2c0900, Size=296, Default__ThirdPersonCharacter_C Function /Game/ThirdPersonBP/Blueprints/ThirdPersonCharacter.ThirdPersonCharacter_C:ExecuteUbergraph_ThirdPersonCharacter
[2018.06.20-17.10.35:746][  0]LogUObjectGlobals: Destroyed PersistentFrame Addr=0x000001f81b2c0900, Size=296
[2018.06.20-17.10.35:747][  0]LogUObjectGlobals: Created PersistentFrame Addr=0x000001f801c9bb00, Size=296, Default__ThirdPersonCharacter_C Function /Engine/Transient.REINST_ThirdPersonCharacter_C_4:ExecuteUbergraph_ThirdPersonCharacter
[2018.06.20-17.10.35:759][  0]LogUObjectGlobals: Created PersistentFrame Addr=0x000001f801c9ae80, Size=296, Default__ThirdPersonCharacter_C Function /Game/ThirdPersonBP/Blueprints/ThirdPersonCharacter.ThirdPersonCharacter_C:ExecuteUbergraph_ThirdPersonCharacter
[2018.06.20-17.10.39:027][  0]LogSkeletalMesh: Skeletal Mesh found in DDC [40.339714ms] /Game/Mannequin/Character/Mesh/SK_Mannequin.SK_Mannequin
[2018.06.20-17.10.39:169][  0]LogAIModule: Creating AISystem for world ThirdPersonExampleMap
[2018.06.20-17.10.41:760][  0]LogEditorServer: Finished looking for orphan Actors (0.000 secs)
[2018.06.20-17.10.41:917][  0]LogUObjectGlobals: Destroyed PersistentFrame Addr=0x000001f8017ee5c0, Size=64
[2018.06.20-17.10.41:926][  0]LogUObjectGlobals: Destroyed PersistentFrame Addr=0x000001f801c9bb00, Size=296
[2018.06.20-17.10.42:066][  0]Cmd: MAP CHECKDEP NOCLEARLOG
[2018.06.20-17.10.42:145][  0]MapCheck: Map check complete: 0 Error(s), 0 Warning(s), took 78,777ms to complete.
[2018.06.20-17.10.42:155][  0]LogFileHelpers: Loading map 'ThirdPersonExampleMap' took 8.510
[2018.06.20-17.10.44:169][  0]LogCollectionManager: Loaded 0 collections in 0.003779 seconds
[2018.06.20-17.10.44:304][  0]LogFileCache: Scanning file cache for directory 'D:/UnrealEngine Projects/UnrealEssentials/Saved/Collections/' took 0.01s
[2018.06.20-17.10.44:304][  0]LogFileCache: Scanning file cache for directory 'D:/UnrealEngine Projects/UnrealEssentials/Content/Developers/Bartek/Collections/' took 0.01s
[2018.06.20-17.10.44:304][  0]LogFileCache: Scanning file cache for directory 'D:/UnrealEngine Projects/UnrealEssentials/Content/Collections/' took 0.01s
[2018.06.20-17.10.44:304][  0]LogCollectionManager: Rebuilt the GUID cache for 0 collections in 0.000000 seconds
[2018.06.20-17.10.44:316][  0]LogContentBrowser: Native class hierarchy populated in 0.0103 seconds. Added 2452 classes and 558 folders.
[2018.06.20-17.10.44:435][  0]LogContentBrowser: Native class hierarchy updated for 'WidgetCarousel' in 0.0005 seconds. Added 0 classes and 0 folders.
[2018.06.20-17.10.45:419][  0]LogContentBrowser: Native class hierarchy updated for 'AddContentDialog' in 0.0002 seconds. Added 0 classes and 0 folders.
[2018.06.20-17.10.45:494][  0]LogContentBrowser: Native class hierarchy updated for 'SceneOutliner' in 0.0004 seconds. Added 1 classes and 2 folders.
[2018.06.20-17.10.46:429][  0]LogSlate: Took 0.014693 seconds to synchronously load lazily loaded font '../../../Engine/Content/Slate/Fonts/Roboto-Regular.ttf' (155K)
[2018.06.20-17.10.46:474][  0]LogSlate: Took 0.042592 seconds to synchronously load lazily loaded font '../../../Engine/Content/Slate/Fonts/Roboto-Bold.ttf' (160K)
[2018.06.20-17.10.46:544][  0]LogSlate: Took 0.013064 seconds to synchronously load lazily loaded font '../../../Engine/Content/Editor/Slate/Fonts/FontAwesome.ttf' (139K)
[2018.06.20-17.10.47:252][  0]LogRenderer: Reallocating scene render targets to support 960x424 Format 10 NumSamples 1 (Frame:1).
[2018.06.20-17.10.48:628][  0]LogContentBrowser: Native class hierarchy updated for 'HierarchicalLODOutliner' in 0.0006 seconds. Added 0 classes and 0 folders.
[2018.06.20-17.10.48:628][  0]LogLoad: (Engine Initialization) Total time: 95.80 seconds
[2018.06.20-17.10.48:628][  0]LogLoad: (Engine Initialization) Total Blueprint compile time: 0.00 seconds
[2018.06.20-17.10.48:709][  0]LogWindowsTextInputMethodSystem: Display: IME system now deactivated.
[2018.06.20-17.10.49:129][  0]LogContentStreaming: Texture pool size now 1000 MB
[2018.06.20-17.10.49:808][  1]LogSlate: Took 0.013319 seconds to synchronously load lazily loaded font '../../../Engine/Content/Slate/Fonts/Roboto-Light.ttf' (167K)
[2018.06.20-17.10.50:062][  3]LogAssetRegistry: Asset discovery search completed in 62.8356 seconds
[2018.06.20-17.10.50:074][  3]LogCollectionManager: Rebuilt the object cache for 0 collections in 0.000001 seconds (found 0 objects)
[2018.06.20-17.10.50:074][  3]LogCollectionManager: Fixed up redirectors for 0 collections in 0.000481 seconds (updated 0 objects)
[2018.06.20-17.10.50:124][  3]LogSlate: Took 0.000788 seconds to synchronously load lazily loaded font '../../../Engine/Content/Slate/Fonts/Roboto-Light.ttf' (167K)
[2018.06.20-17.11.02:548][704]LogSlate: FSceneViewport::OnFocusLost() reason 0
[2018.06.20-17.11.06:599][931]LogSlate: FSceneViewport::OnFocusLost() reason 0
[2018.06.20-17.11.07:889][  4]LogActorFactory: Actor Factory created Cube
[2018.06.20-17.11.08:548][ 31]LogActorFactory: Actor Factory created Cube
[2018.06.20-17.11.26:662][455]LogSlate: FSceneViewport::OnFocusLost() reason 0
[2018.06.20-17.11.29:679][625]LogSlate: FSceneViewport::OnFocusLost() reason 0
[2018.06.20-17.11.29:806][632]LogActorFactory: Actor Factory created Cylinder
[2018.06.20-17.11.30:226][656]LogActorFactory: Actor Factory created Cylinder
[2018.06.20-17.11.41:966][875]LogSlate: FSceneViewport::OnFocusLost() reason 2
[2018.06.20-17.11.43:395][950]LogSlate: FSceneViewport::OnFocusLost() reason 2
[2018.06.20-17.11.44:844][950]LogSavePackage: Save=1308.98ms
[2018.06.20-17.11.44:844][950]LogSavePackage: Moving '../../../../../UnrealEngine Projects/UnrealEssentials/Saved/ThirdPersonExampleMapF8AF70954CB13613C4807993D0C94A4A.tmp' to '../../../../../UnrealEngine Projects/UnrealEssentials/Content/ThirdPersonBP/Maps/ThirdPersonExampleMap.umap'
[2018.06.20-17.11.44:884][950]LogSavePackage: Display: Finished SavePackage ../../../../../UnrealEngine Projects/UnrealEssentials/Content/ThirdPersonBP/Maps/ThirdPersonExampleMap.umap
[2018.06.20-17.11.45:131][950]LogSavePackage: Save=185.25ms
[2018.06.20-17.11.45:131][950]LogSavePackage: Moving '../../../../../UnrealEngine Projects/UnrealEssentials/Saved/ThirdPersonExampleMap_BuiltData4B8D3E3E41BD1813DE4ADF8225A91FE0.tmp' to '../../../../../UnrealEngine Projects/UnrealEssentials/Content/ThirdPersonBP/Maps/ThirdPersonExampleMap_BuiltData.uasset'
[2018.06.20-17.11.45:155][950]LogSavePackage: Display: Finished SavePackage ../../../../../UnrealEngine Projects/UnrealEssentials/Content/ThirdPersonBP/Maps/ThirdPersonExampleMap_BuiltData.uasset
[2018.06.20-18.35.13:723][ 74]LogSlate: FSceneViewport::OnFocusLost() reason 0
[2018.06.20-18.35.13:969][ 74]LogSlate: Window 'UnrealEssentials - Unreal Editor' being destroyed
[2018.06.20-18.35.14:522][ 75]Cmd: QUIT_EDITOR
[2018.06.20-18.35.14:916][ 75]LogWindowsTextInputMethodSystem: Display: IME system now deactivated.
[2018.06.20-18.35.14:952][ 75]LogSlate: Slate User Destroyed.  User Index 0, Is Virtual User: 0
[2018.06.20-18.35.14:971][ 75]LogExit: Preparing to exit.
[2018.06.20-18.35.16:019][ 75]LogDirectoryWatcher: A directory notification for 'D:/UnrealEngine Projects/UnrealEssentials/Content/' was aborted.
[2018.06.20-18.35.16:341][ 75]LogExit: Editor shut down
[2018.06.20-18.35.16:372][ 75]LogExit: Transaction tracking system shut down
[2018.06.20-18.35.16:374][ 75]LogUObjectGlobals: Destroyed PersistentFrame Addr=0x000001f81b2dbec0, Size=72
[2018.06.20-18.35.16:374][ 75]LogUObjectGlobals: Destroyed PersistentFrame Addr=0x000001f801c9ae80, Size=296
[2018.06.20-18.35.16:596][ 75]LogDirectoryWatcher: A directory notification for '../../../Engine/Content/' was aborted.
[2018.06.20-18.35.16:597][ 75]LogDirectoryWatcher: A directory notification for '../../../../../UnrealEngine Projects/UnrealEssentials/Content/' was aborted.
[2018.06.20-18.35.16:597][ 75]LogDirectoryWatcher: A directory notification for '../../Plugins/2D/Paper2D/Content/' was aborted.
[2018.06.20-18.35.16:597][ 75]LogDirectoryWatcher: A directory notification for '../../Plugins/Enterprise/DatasmithContent/Content/' was aborted.
[2018.06.20-18.35.16:597][ 75]LogDirectoryWatcher: A directory notification for '../../Plugins/Media/MediaCompositing/Content/' was aborted.
[2018.06.20-18.35.16:597][ 75]LogDirectoryWatcher: A directory notification for '../../Plugins/Runtime/AppleARKit/Content/' was aborted.
[2018.06.20-18.35.16:597][ 75]LogDirectoryWatcher: A directory notification for '../../Plugins/Runtime/Oculus/OculusVR/Content/' was aborted.
[2018.06.20-18.35.16:597][ 75]LogDirectoryWatcher: A directory notification for '../../Plugins/Runtime/Steam/SteamVR/Content/' was aborted.
[2018.06.20-18.35.17:865][ 75]LogExit: Object subsystem successfully closed.
[2018.06.20-18.35.18:050][ 75]LogShaderCompilers: Display: Shaders left to compile 0
[2018.06.20-18.35.18:066][ 75]LogD3D11RHI: Shutdown
[2018.06.20-18.35.18:067][ 75]LogD3D11RHI: CleanupD3DDevice
[2018.06.20-18.35.18:099][ 75]LogD3D11RHI: ~FD3D11DynamicRHI
[2018.06.20-18.35.18:939][ 75]LogModuleManager: Shutting down and abandoning module HierarchicalLODOutliner (574)
[2018.06.20-18.35.18:939][ 75]LogModuleManager: Shutting down and abandoning module SceneOutliner (572)
[2018.06.20-18.35.18:939][ 75]LogModuleManager: Shutting down and abandoning module AddContentDialog (570)
[2018.06.20-18.35.18:955][ 75]LogDirectoryWatcher: A directory notification for 'D:/TotallyNotFortnite/UE_4.19/FeaturePacks/' was aborted.
[2018.06.20-18.35.18:962][ 75]LogModuleManager: Shutting down and abandoning module WidgetCarousel (569)
[2018.06.20-18.35.18:963][ 75]LogModuleManager: Shutting down and abandoning module EditorWidgets (566)
[2018.06.20-18.35.18:963][ 75]LogModuleManager: Shutting down and abandoning module CollectionManager (564)
[2018.06.20-18.35.18:974][ 75]LogDirectoryWatcher: A directory notification for 'D:/UnrealEngine Projects/UnrealEssentials/Content/Collections/' was aborted.
[2018.06.20-18.35.18:974][ 75]LogDirectoryWatcher: A directory notification for 'D:/UnrealEngine Projects/UnrealEssentials/Content/Developers/Bartek/Collections/' was aborted.
[2018.06.20-18.35.18:974][ 75]LogDirectoryWatcher: A directory notification for 'D:/UnrealEngine Projects/UnrealEssentials/Saved/Collections/' was aborted.
[2018.06.20-18.35.18:974][ 75]LogModuleManager: Shutting down and abandoning module StatsViewer (562)
[2018.06.20-18.35.18:982][ 75]LogModuleManager: Shutting down and abandoning module FoliageEdit (560)
[2018.06.20-18.35.18:982][ 75]LogModuleManager: Shutting down and abandoning module LandscapeEditor (558)
[2018.06.20-18.35.18:993][ 75]LogModuleManager: Shutting down and abandoning module MeshPaintMode (556)
[2018.06.20-18.35.19:002][ 75]LogModuleManager: Shutting down and abandoning module SceneDepthPickerMode (554)
[2018.06.20-18.35.19:003][ 75]LogModuleManager: Shutting down and abandoning module ActorPickerMode (552)
[2018.06.20-18.35.19:003][ 75]LogModuleManager: Shutting down and abandoning module GeometryMode (550)
[2018.06.20-18.35.19:010][ 75]LogModuleManager: Shutting down and abandoning module TextureAlignMode (548)
[2018.06.20-18.35.19:010][ 75]LogModuleManager: Shutting down and abandoning module BspMode (546)
[2018.06.20-18.35.19:010][ 75]LogModuleManager: Shutting down and abandoning module PIEPreviewDeviceProfileSelector (544)
[2018.06.20-18.35.19:010][ 75]LogModuleManager: Shutting down and abandoning module HardwareSurvey (542)
[2018.06.20-18.35.19:010][ 75]LogModuleManager: Shutting down and abandoning module SequenceRecorderSections (540)
[2018.06.20-18.35.19:021][ 75]LogModuleManager: Shutting down and abandoning module AutomationWorker (538)
[2018.06.20-18.35.19:021][ 75]LogModuleManager: Shutting down and abandoning module AudioCaptureEditor (536)
[2018.06.20-18.35.19:021][ 75]LogModuleManager: Shutting down and abandoning module SequenceRecorder (535)
[2018.06.20-18.35.19:033][ 75]LogModuleManager: Shutting down and abandoning module MatineeToLevelSequence (532)
[2018.06.20-18.35.19:047][ 75]LogModuleManager: Shutting down and abandoning module LevelSequenceEditor (530)
[2018.06.20-18.35.19:069][ 75]LogModuleManager: Shutting down and abandoning module PlacementMode (529)
[2018.06.20-18.35.19:069][ 75]LogModuleManager: Shutting down and abandoning module MaterialEditor (528)
[2018.06.20-18.35.19:106][ 75]LogModuleManager: Shutting down and abandoning module WmfMediaFactory (524)
[2018.06.20-18.35.19:106][ 75]LogModuleManager: Shutting down and abandoning module WmfMediaEditor (522)
[2018.06.20-18.35.19:106][ 75]LogModuleManager: Shutting down and abandoning module MediaPlayerEditor (520)
[2018.06.20-18.35.19:123][ 75]LogModuleManager: Shutting down and abandoning module OpenExrWrapper (518)
[2018.06.20-18.35.19:123][ 75]LogModuleManager: Shutting down and abandoning module ImgMediaFactory (516)
[2018.06.20-18.35.19:123][ 75]LogModuleManager: Shutting down and abandoning module ImgMediaEditor (514)
[2018.06.20-18.35.19:123][ 75]LogModuleManager: Shutting down and abandoning module AvfMediaFactory (512)
[2018.06.20-18.35.19:123][ 75]LogModuleManager: Shutting down and abandoning module AvfMediaEditor (510)
[2018.06.20-18.35.19:123][ 75]LogModuleManager: Shutting down and abandoning module AndroidMediaFactory (508)
[2018.06.20-18.35.19:123][ 75]LogModuleManager: Shutting down and abandoning module AndroidMediaEditor (506)
[2018.06.20-18.35.19:123][ 75]LogModuleManager: Shutting down and abandoning module CharacterAI (504)
[2018.06.20-18.35.19:123][ 75]LogModuleManager: Shutting down and abandoning module SmartSnapping (502)
[2018.06.20-18.35.19:123][ 75]LogModuleManager: Shutting down and abandoning module SessionServices (500)
[2018.06.20-18.35.19:123][ 75]LogModuleManager: Shutting down and abandoning module ViewportSnapping (498)
[2018.06.20-18.35.19:123][ 75]LogModuleManager: Shutting down and abandoning module ViewportInteraction (496)
[2018.06.20-18.35.19:123][ 75]LogModuleManager: Shutting down and abandoning module ClothPainter (494)
[2018.06.20-18.35.19:148][ 75]LogModuleManager: Shutting down and abandoning module SkeletalMeshEditor (493)
[2018.06.20-18.35.19:165][ 75]LogModuleManager: Shutting down and abandoning module LogVisualizer (490)
[2018.06.20-18.35.19:176][ 75]LogModuleManager: Shutting down and abandoning module IntroTutorials (488)
[2018.06.20-18.35.19:212][ 75]LogModuleManager: Shutting down and abandoning module GameProjectGeneration (487)
[2018.06.20-18.35.19:225][ 75]LogModuleManager: Shutting down and abandoning module IOSPlatformEditor (484)
[2018.06.20-18.35.19:238][ 75]LogModuleManager: Shutting down and abandoning module HTML5PlatformEditor (482)
[2018.06.20-18.35.19:238][ 75]LogModuleManager: Shutting down and abandoning module AndroidPlatformEditor (480)
[2018.06.20-18.35.19:239][ 75]LogModuleManager: Shutting down and abandoning module AndroidDeviceDetection (479)
[2018.06.20-18.35.20:168][ 75]LogModuleManager: Shutting down and abandoning module WindowsPlatformEditor (476)
[2018.06.20-18.35.20:168][ 75]LogModuleManager: Shutting down and abandoning module IOSRuntimeSettings (474)
[2018.06.20-18.35.20:168][ 75]LogModuleManager: Shutting down and abandoning module AndroidRuntimeSettings (472)
[2018.06.20-18.35.20:168][ 75]LogModuleManager: Shutting down and abandoning module InputBindingEditor (470)
[2018.06.20-18.35.20:187][ 75]LogModuleManager: Shutting down and abandoning module MergeActors (468)
[2018.06.20-18.35.20:192][ 75]LogModuleManager: Shutting down and abandoning module LocalizationDashboard (466)
[2018.06.20-18.35.20:202][ 75]LogModuleManager: Shutting down and abandoning module LocalizationService (465)
[2018.06.20-18.35.20:210][ 75]LogModuleManager: Shutting down and abandoning module HardwareTargeting (462)
[2018.06.20-18.35.20:210][ 75]LogModuleManager: Shutting down and abandoning module DeviceProfileEditor (460)
[2018.06.20-18.35.20:215][ 75]LogModuleManager: Shutting down and abandoning module UndoHistory (458)
[2018.06.20-18.35.20:215][ 75]LogModuleManager: Shutting down and abandoning module XmlParser (456)
[2018.06.20-18.35.20:220][ 75]LogModuleManager: Shutting down and abandoning module Blutility (454)
[2018.06.20-18.35.20:220][ 75]LogModuleManager: Shutting down and abandoning module ProjectSettingsViewer (452)
[2018.06.20-18.35.20:220][ 75]LogModuleManager: Shutting down and abandoning module ProjectTargetPlatformEditor (451)
[2018.06.20-18.35.20:221][ 75]LogModuleManager: Shutting down and abandoning module EditorSettingsViewer (448)
[2018.06.20-18.35.20:221][ 75]LogModuleManager: Shutting down and abandoning module SettingsEditor (446)
[2018.06.20-18.35.20:261][ 75]LogModuleManager: Shutting down and abandoning module ProjectLauncher (444)
[2018.06.20-18.35.20:270][ 75]LogModuleManager: Shutting down and abandoning module SessionFrontend (442)
[2018.06.20-18.35.20:281][ 75]LogModuleManager: Shutting down and abandoning module ProfilerClient (440)
[2018.06.20-18.35.20:289][ 75]LogModuleManager: Shutting down and abandoning module DeviceManager (438)
[2018.06.20-18.35.20:298][ 75]LogModuleManager: Shutting down and abandoning module TargetDeviceServices (437)
[2018.06.20-18.35.20:356][ 75]LogModuleManager: Shutting down and abandoning module AutomationController (434)
[2018.06.20-18.35.20:366][ 75]LogModuleManager: Shutting down and abandoning module AutomationWindow (432)
[2018.06.20-18.35.20:376][ 75]LogModuleManager: Shutting down and abandoning module Layers (430)
[2018.06.20-18.35.20:390][ 75]LogModuleManager: Shutting down and abandoning module ComponentVisualizers (428)
[2018.06.20-18.35.20:390][ 75]LogModuleManager: Shutting down and abandoning module DetailCustomizations (426)
[2018.06.20-18.35.20:410][ 75]LogModuleManager: Shutting down and abandoning module PackagesDialog (424)
[2018.06.20-18.35.20:411][ 75]LogModuleManager: Shutting down and abandoning module Persona (422)
[2018.06.20-18.35.20:421][ 75]LogModuleManager: Shutting down and abandoning module AdvancedPreviewScene (421)
[2018.06.20-18.35.20:421][ 75]LogModuleManager: Shutting down and abandoning module AnimGraph (419)
[2018.06.20-18.35.20:421][ 75]LogModuleManager: Shutting down and abandoning module Kismet (416)
[2018.06.20-18.35.20:439][ 75]LogModuleManager: Shutting down and abandoning module GraphEditor (414)
[2018.06.20-18.35.20:461][ 75]LogModuleManager: Shutting down and abandoning module ClassViewer (412)
[2018.06.20-18.35.20:462][ 75]LogModuleManager: Shutting down and abandoning module Toolbox (410)
[2018.06.20-18.35.20:462][ 75]LogModuleManager: Shutting down and abandoning module ModuleUI (408)
[2018.06.20-18.35.20:467][ 75]LogModuleManager: Shutting down and abandoning module MovieSceneTools (406)
[2018.06.20-18.35.20:491][ 75]LogModuleManager: Shutting down and abandoning module OutputLog (404)
[2018.06.20-18.35.20:504][ 75]LogModuleManager: Shutting down and abandoning module GammaUI (402)
[2018.06.20-18.35.20:512][ 75]LogModuleManager: Shutting down and abandoning module Documentation (400)
[2018.06.20-18.35.20:512][ 75]LogModuleManager: Shutting down and abandoning module MovieSceneTracks (398)
[2018.06.20-18.35.20:512][ 75]LogModuleManager: Shutting down and abandoning module MovieScene (396)
[2018.06.20-18.35.20:513][ 75]LogModuleManager: Shutting down and abandoning module StreamingPauseRendering (394)
[2018.06.20-18.35.20:513][ 75]LogModuleManager: Shutting down and abandoning module LauncherPlatform (392)
[2018.06.20-18.35.20:513][ 75]LogModuleManager: Shutting down and abandoning module AnalyticsET (390)
[2018.06.20-18.35.20:513][ 75]LogModuleManager: Shutting down and abandoning module PortalServices (388)
[2018.06.20-18.35.20:513][ 75]LogModuleManager: Shutting down and abandoning module PortalRpc (386)
[2018.06.20-18.35.20:513][ 75]LogModuleManager: Shutting down and abandoning module MessagingRpc (384)
[2018.06.20-18.35.20:513][ 75]LogModuleManager: Shutting down and abandoning module AIModule (382)
[2018.06.20-18.35.20:514][ 75]LogModuleManager: Shutting down and abandoning module GameplayDebugger (381)
[2018.06.20-18.35.20:525][ 75]LogModuleManager: Shutting down and abandoning module AITestSuite (379)
[2018.06.20-18.35.20:532][ 75]LogModuleManager: Shutting down and abandoning module DesktopPlatform (376)
[2018.06.20-18.35.20:536][ 75]LogModuleManager: Shutting down and abandoning module ProfilerService (374)
[2018.06.20-18.35.20:617][ 75]LogModuleManager: Shutting down and abandoning module TaskGraph (372)
[2018.06.20-18.35.20:624][ 75]LogModuleManager: Shutting down and abandoning module SteamVRController (370)
[2018.06.20-18.35.20:624][ 75]LogModuleManager: Shutting down and abandoning module ProceduralMeshComponentEditor (368)
[2018.06.20-18.35.20:624][ 75]LogModuleManager: Shutting down and abandoning module ProceduralMeshComponent (366)
[2018.06.20-18.35.20:635][ 75]LogModuleManager: Shutting down and abandoning module OculusInput (364)
[2018.06.20-18.35.20:643][ 75]LogModuleManager: Shutting down and abandoning module MobilePatchingUtils (362)
[2018.06.20-18.35.20:643][ 75]LogModuleManager: Shutting down and abandoning module CustomMeshComponent (360)
[2018.06.20-18.35.20:643][ 75]LogModuleManager: Shutting down and abandoning module CableComponent (358)
[2018.06.20-18.35.20:654][ 75]LogModuleManager: Shutting down and abandoning module AudioCapture (356)
[2018.06.20-18.35.20:654][ 75]LogModuleManager: Shutting down and abandoning module ArchVisCharacter (354)
[2018.06.20-18.35.20:654][ 75]LogModuleManager: Shutting down and abandoning module AndroidPermission (352)
[2018.06.20-18.35.20:654][ 75]LogModuleManager: Shutting down and abandoning module NUTUnrealEngine4 (348)
[2018.06.20-18.35.20:654][ 75]LogModuleManager: Shutting down and abandoning module NetcodeUnitTest (346)
[2018.06.20-18.35.20:678][ 75]LogModuleManager: Shutting down and abandoning module MediaCompositingEditor (344)
[2018.06.20-18.35.20:679][ 75]LogModuleManager: Shutting down and abandoning module MediaCompositing (342)
[2018.06.20-18.35.20:679][ 75]LogModuleManager: Shutting down and abandoning module LinearTimecode (340)
[2018.06.20-18.35.20:679][ 75]LogModuleManager: Shutting down and abandoning module ImgMedia (338)
[2018.06.20-18.35.20:696][ 75]LogModuleManager: Shutting down and abandoning module HTML5Networking (336)
[2018.06.20-18.35.20:696][ 75]LogModuleManager: Shutting down and abandoning module AlembicImporter (334)
[2018.06.20-18.35.20:701][ 75]LogModuleManager: Shutting down and abandoning module AlembicLibrary (333)
[2018.06.20-18.35.20:701][ 75]LogModuleManager: Shutting down and abandoning module GeometryCache (332)
[2018.06.20-18.35.20:701][ 75]LogModuleManager: Shutting down and abandoning module GeometryCacheEd (331)
[2018.06.20-18.35.20:701][ 75]LogModuleManager: Shutting down and abandoning module DatasmithContent (326)
[2018.06.20-18.35.20:701][ 75]LogModuleManager: Shutting down and abandoning module SpeedTreeImporter (324)
[2018.06.20-18.35.20:701][ 75]LogModuleManager: Shutting down and abandoning module PluginBrowser (322)
[2018.06.20-18.35.20:714][ 75]LogModuleManager: Shutting down and abandoning module MobileLauncherProfileWizard (320)
[2018.06.20-18.35.20:734][ 75]LogModuleManager: Shutting down and abandoning module CryptoKeysOpenSSL (318)
[2018.06.20-18.35.20:744][ 75]LogModuleManager: Shutting down and abandoning module CryptoKeys (316)
[2018.06.20-18.35.20:747][ 75]LogModuleManager: Shutting down and abandoning module VisualStudioSourceCodeAccess (314)
[2018.06.20-18.35.20:747][ 75]LogModuleManager: Shutting down and abandoning module VisualStudioCodeSourceCodeAccess (312)
[2018.06.20-18.35.20:747][ 75]LogModuleManager: Shutting down and abandoning module UObjectPlugin (310)
[2018.06.20-18.35.20:747][ 75]LogModuleManager: Shutting down and abandoning module SubversionSourceControl (308)
[2018.06.20-18.35.20:757][ 75]LogModuleManager: Shutting down and abandoning module PerforceSourceControl (306)
[2018.06.20-18.35.20:767][ 75]LogModuleManager: Shutting down and abandoning module GitSourceControl (304)
[2018.06.20-18.35.20:774][ 75]LogModuleManager: Shutting down and abandoning module SourceControl (303)
[2018.06.20-18.35.20:780][ 75]LogModuleManager: Shutting down and abandoning module CLionSourceCodeAccess (300)
[2018.06.20-18.35.20:786][ 75]LogModuleManager: Shutting down and abandoning module LightPropagationVolumeEditor (298)
[2018.06.20-18.35.20:786][ 75]LogModuleManager: Shutting down and abandoning module PaperTiledImporter (296)
[2018.06.20-18.35.20:787][ 75]LogModuleManager: Shutting down and abandoning module PaperSpriteSheetImporter (294)
[2018.06.20-18.35.20:787][ 75]LogModuleManager: Shutting down and abandoning module Paper2DEditor (292)
[2018.06.20-18.35.20:809][ 75]LogModuleManager: Shutting down and abandoning module MeshPaint (291)
[2018.06.20-18.35.20:817][ 75]LogModuleManager: Shutting down and abandoning module RuntimePhysXCooking (288)
[2018.06.20-18.35.20:817][ 75]LogModuleManager: Shutting down and abandoning module PhysXVehiclesEditor (286)
[2018.06.20-18.35.20:817][ 75]LogModuleManager: Shutting down and abandoning module PhysXVehicles (284)
[2018.06.20-18.35.20:817][ 75]LogModuleManager: Shutting down and abandoning module OculusEditor (282)
[2018.06.20-18.35.20:817][ 75]LogModuleManager: Shutting down and abandoning module LocationServicesBPLibrary (280)
[2018.06.20-18.35.20:817][ 75]LogModuleManager: Shutting down and abandoning module ImmediatePhysicsEditor (278)
[2018.06.20-18.35.20:817][ 75]LogModuleManager: Shutting down and abandoning module ImmediatePhysics (276)
[2018.06.20-18.35.20:821][ 75]LogModuleManager: Shutting down and abandoning module ActorSequence (274)
[2018.06.20-18.35.20:821][ 75]LogModuleManager: Shutting down and abandoning module UdpMessaging (272)
[2018.06.20-18.35.20:928][ 75]LogModuleManager: Shutting down and abandoning module TcpMessaging (270)
[2018.06.20-18.35.21:032][ 75]LogModuleManager: Shutting down and abandoning module GameplayTagsEditor (268)
[2018.06.20-18.35.21:043][ 75]LogModuleManager: Shutting down and abandoning module FacialAnimationEditor (266)
[2018.06.20-18.35.21:043][ 75]LogModuleManager: Shutting down and abandoning module FacialAnimation (264)
[2018.06.20-18.35.21:043][ 75]LogModuleManager: Shutting down and abandoning module DataValidation (262)
[2018.06.20-18.35.21:043][ 75]LogModuleManager: Shutting down and abandoning module AssetManagerEditor (260)
[2018.06.20-18.35.21:057][ 75]LogModuleManager: Shutting down and abandoning module LevelEditor (259)
[2018.06.20-18.35.21:081][ 75]LogModuleManager: Shutting down and abandoning module PixelInspectorModule (258)
[2018.06.20-18.35.21:091][ 75]LogModuleManager: Shutting down and abandoning module CommonMenuExtensions (256)
[2018.06.20-18.35.21:092][ 75]LogModuleManager: Shutting down and abandoning module MainFrame (254)
[2018.06.20-18.35.21:092][ 75]LogModuleManager: Shutting down and abandoning module HotReload (253)
[2018.06.20-18.35.21:101][ 75]LogModuleManager: Shutting down and abandoning module ContentBrowser (249)
[2018.06.20-18.35.21:103][ 75]LogModuleManager: Shutting down and abandoning module TreeMap (247)
[2018.06.20-18.35.21:107][ 75]LogModuleManager: Shutting down and abandoning module LightPropagationVolumeRuntime (244)
[2018.06.20-18.35.21:107][ 75]LogModuleManager: Shutting down and abandoning module LiveLinkEditor (242)
[2018.06.20-18.35.21:116][ 75]LogModuleManager: Shutting down and abandoning module LiveLink (240)
[2018.06.20-18.35.21:488][ 75]LogModuleManager: Shutting down and abandoning module Paper2D (238)
[2018.06.20-18.35.21:553][ 75]LogModuleManager: Shutting down and abandoning module WindowsMoviePlayer (236)
[2018.06.20-18.35.21:560][ 75]LogModuleManager: Shutting down and abandoning module WmfMedia (234)
[2018.06.20-18.35.21:568][ 75]LogModuleManager: Shutting down and abandoning module Media (233)
[2018.06.20-18.35.21:574][ 75]LogModuleManager: Shutting down and abandoning module PacketHandler (230)
[2018.06.20-18.35.21:574][ 75]LogModuleManager: Shutting down and abandoning module ClothingSystemEditor (228)
[2018.06.20-18.35.21:574][ 75]LogModuleManager: Shutting down and abandoning module ClothingSystemRuntime (226)
[2018.06.20-18.35.21:580][ 75]LogModuleManager: Shutting down and abandoning module MediaAssets (224)
[2018.06.20-18.35.21:581][ 75]LogModuleManager: Shutting down and abandoning module Overlay (222)
[2018.06.20-18.35.21:581][ 75]LogModuleManager: Shutting down and abandoning module OverlayEditor (221)
[2018.06.20-18.35.21:581][ 75]LogModuleManager: Shutting down and abandoning module VREditor (218)
[2018.06.20-18.35.21:594][ 75]LogModuleManager: Shutting down and abandoning module StringTableEditor (216)
[2018.06.20-18.35.21:595][ 75]LogModuleManager: Shutting down and abandoning module GameplayTasksEditor (214)
[2018.06.20-18.35.21:595][ 75]LogModuleManager: Shutting down and abandoning module BehaviorTreeEditor (212)
[2018.06.20-18.35.21:616][ 75]LogModuleManager: Shutting down and abandoning module FunctionalTesting (210)
[2018.06.20-18.35.21:619][ 75]LogModuleManager: Shutting down and abandoning module CollisionAnalyzer (208)
[2018.06.20-18.35.21:633][ 75]LogModuleManager: Shutting down and abandoning module WorkspaceMenuStructure (207)
[2018.06.20-18.35.21:633][ 75]LogModuleManager: Shutting down and abandoning module UMG (204)
[2018.06.20-18.35.21:643][ 75]LogModuleManager: Shutting down and abandoning module UMGEditor (203)
[2018.06.20-18.35.21:678][ 75]LogModuleManager: Shutting down and abandoning module Sequencer (202)
[2018.06.20-18.35.21:691][ 75]LogModuleManager: Shutting down and abandoning module MessageLog (199)
[2018.06.20-18.35.21:706][ 75]LogModuleManager: Shutting down and abandoning module SlateReflector (194)
[2018.06.20-18.35.21:732][ 75]LogModuleManager: Shutting down and abandoning module Slate (192)
[2018.06.20-18.35.21:732][ 75]LogModuleManager: Shutting down and abandoning module EditorStyle (190)
[2018.06.20-18.35.21:747][ 75]LogModuleManager: Shutting down and abandoning module MRMesh (188)
[2018.06.20-18.35.21:747][ 75]LogModuleManager: Shutting down and abandoning module SourceCodeAccess (186)
[2018.06.20-18.35.21:747][ 75]LogModuleManager: Shutting down and abandoning module HeadMountedDisplay (184)
[2018.06.20-18.35.21:747][ 75]LogModuleManager: Shutting down and abandoning module XAudio2 (182)
[2018.06.20-18.35.21:747][ 75]LogModuleManager: Shutting down and abandoning module Networking (180)
[2018.06.20-18.35.21:747][ 75]LogModuleManager: Shutting down and abandoning module Core (178)
[2018.06.20-18.35.21:747][ 75]LogModuleManager: Shutting down and abandoning module LevelSequence (176)
[2018.06.20-18.35.21:756][ 75]LogModuleManager: Shutting down and abandoning module KismetCompiler (174)
[2018.06.20-18.35.21:756][ 75]LogModuleManager: Shutting down and abandoning module MeshUtilities (172)
[2018.06.20-18.35.21:769][ 75]LogModuleManager: Shutting down and abandoning module MeshMergeUtilities (171)
[2018.06.20-18.35.21:769][ 75]LogModuleManager: Shutting down and abandoning module MeshReductionInterface (170)
[2018.06.20-18.35.21:769][ 75]LogModuleManager: Shutting down and abandoning module SimplygonSwarm (169)
[2018.06.20-18.35.21:783][ 75]LogModuleManager: Shutting down and abandoning module SimplygonMeshReduction (167)
[2018.06.20-18.35.21:794][ 75]LogModuleManager: Shutting down and abandoning module QuadricMeshReduction (165)
[2018.06.20-18.35.21:805][ 75]LogModuleManager: Shutting down and abandoning module MaterialBaking (161)
[2018.06.20-18.35.21:813][ 75]LogModuleManager: Shutting down and abandoning module DirectoryWatcher (157)
[2018.06.20-18.35.21:820][ 75]LogModuleManager: Shutting down and abandoning module DerivedDataCache (154)
[2018.06.20-18.35.21:914][ 75]LogDerivedDataCache: Shutdown
[2018.06.20-18.35.21:914][ 75]LogModuleManager: Shutting down and abandoning module XGEController (152)
[2018.06.20-18.35.21:914][ 75]LogXGEController: Cleaning working directory: C:/Users/Bartek/AppData/Local/Temp/UnrealXGEWorkingDir/
[2018.06.20-18.35.21:914][ 75]LogModuleManager: Shutting down and abandoning module TargetPlatform (150)
[2018.06.20-18.35.21:914][ 75]LogModuleManager: Shutting down and abandoning module VulkanShaderFormat (149)
[2018.06.20-18.35.21:923][ 75]LogModuleManager: Shutting down and abandoning module ShaderFormatVectorVM (147)
[2018.06.20-18.35.21:932][ 75]LogModuleManager: Shutting down and abandoning module ShaderFormatOpenGL (145)
[2018.06.20-18.35.21:941][ 75]LogModuleManager: Shutting down and abandoning module ShaderFormatD3D (143)
[2018.06.20-18.35.21:951][ 75]LogModuleManager: Shutting down and abandoning module MetalShaderFormat (141)
[2018.06.20-18.35.21:962][ 75]LogModuleManager: Shutting down and abandoning module TextureFormatUncompressed (139)
[2018.06.20-18.35.21:962][ 75]LogModuleManager: Shutting down and abandoning module TextureFormatPVR (137)
[2018.06.20-18.35.21:962][ 75]LogModuleManager: Shutting down and abandoning module TextureFormatDXT (135)
[2018.06.20-18.35.21:970][ 75]LogModuleManager: Shutting down and abandoning module TextureFormatIntelISPCTexComp (133)
[2018.06.20-18.35.21:978][ 75]LogModuleManager: Shutting down and abandoning module TextureFormatASTC (131)
[2018.06.20-18.35.21:978][ 75]LogModuleManager: Shutting down and abandoning module ImageWrapper (130)
[2018.06.20-18.35.21:978][ 75]LogModuleManager: Shutting down and abandoning module TextureFormatAndroid (127)
[2018.06.20-18.35.21:978][ 75]LogModuleManager: Shutting down and abandoning module AudioFormatOpus (125)
[2018.06.20-18.35.21:979][ 75]LogModuleManager: Shutting down and abandoning module AudioFormatOgg (123)
[2018.06.20-18.35.21:979][ 75]LogModuleManager: Shutting down and abandoning module AudioFormatADPCM (121)
[2018.06.20-18.35.21:979][ 75]LogModuleManager: Shutting down and abandoning module LinuxTargetPlatform (119)
[2018.06.20-18.35.21:979][ 75]LogModuleManager: Shutting down and abandoning module LinuxServerTargetPlatform (117)
[2018.06.20-18.35.21:979][ 75]LogModuleManager: Shutting down and abandoning module LinuxNoEditorTargetPlatform (115)
[2018.06.20-18.35.21:979][ 75]LogModuleManager: Shutting down and abandoning module LinuxClientTargetPlatform (113)
[2018.06.20-18.35.21:979][ 75]LogModuleManager: Shutting down and abandoning module TVOSTargetPlatform (111)
[2018.06.20-18.35.21:979][ 75]LogModuleManager: Shutting down and abandoning module Messaging (109)
[2018.06.20-18.35.21:979][ 75]LogModuleManager: Shutting down and abandoning module IOSTargetPlatform (107)
[2018.06.20-18.35.21:979][ 75]LogModuleManager: Shutting down and abandoning module HTML5TargetPlatform (105)
[2018.06.20-18.35.21:979][ 75]LogModuleManager: Shutting down and abandoning module AndroidTargetPlatform (103)
[2018.06.20-18.35.21:979][ 75]LogModuleManager: Shutting down and abandoning module Android_PVRTCTargetPlatform (101)
[2018.06.20-18.35.21:979][ 75]LogModuleManager: Shutting down and abandoning module Android_MultiTargetPlatform (99)
[2018.06.20-18.35.21:979][ 75]LogModuleManager: Shutting down and abandoning module Android_ETC2TargetPlatform (97)
[2018.06.20-18.35.21:979][ 75]LogModuleManager: Shutting down and abandoning module Android_ETC1TargetPlatform (95)
[2018.06.20-18.35.21:979][ 75]LogModuleManager: Shutting down and abandoning module Android_ETC1aTargetPlatform (93)
[2018.06.20-18.35.21:979][ 75]LogModuleManager: Shutting down and abandoning module Android_DXTTargetPlatform (91)
[2018.06.20-18.35.21:979][ 75]LogModuleManager: Shutting down and abandoning module Android_ATCTargetPlatform (89)
[2018.06.20-18.35.21:979][ 75]LogModuleManager: Shutting down and abandoning module Android_ASTCTargetPlatform (87)
[2018.06.20-18.35.21:979][ 75]LogModuleManager: Shutting down and abandoning module WindowsTargetPlatform (85)
[2018.06.20-18.35.21:979][ 75]LogModuleManager: Shutting down and abandoning module WindowsServerTargetPlatform (83)
[2018.06.20-18.35.21:979][ 75]LogModuleManager: Shutting down and abandoning module WindowsNoEditorTargetPlatform (81)
[2018.06.20-18.35.21:979][ 75]LogModuleManager: Shutting down and abandoning module WindowsClientTargetPlatform (79)
[2018.06.20-18.35.21:979][ 75]LogModuleManager: Shutting down and abandoning module MacTargetPlatform (77)
[2018.06.20-18.35.21:979][ 75]LogModuleManager: Shutting down and abandoning module MacServerTargetPlatform (75)
[2018.06.20-18.35.21:979][ 75]LogModuleManager: Shutting down and abandoning module MacNoEditorTargetPlatform (73)
[2018.06.20-18.35.21:980][ 75]LogModuleManager: Shutting down and abandoning module MacClientTargetPlatform (71)
[2018.06.20-18.35.21:980][ 75]LogModuleManager: Shutting down and abandoning module AllDesktopTargetPlatform (69)
[2018.06.20-18.35.21:980][ 75]LogModuleManager: Shutting down and abandoning module InputCore (66)
[2018.06.20-18.35.21:980][ 75]LogModuleManager: Shutting down and abandoning module Settings (64)
[2018.06.20-18.35.21:980][ 75]LogModuleManager: Shutting down and abandoning module PhysXCooking (62)
[2018.06.20-18.35.21:980][ 75]LogModuleManager: Shutting down and abandoning module SteamVR (60)
[2018.06.20-18.35.21:980][ 75]LogModuleManager: Shutting down and abandoning module OculusHMD (58)
[2018.06.20-18.35.21:988][ 75]LogModuleManager: Shutting down and abandoning module ExampleDeviceProfileSelector (56)
[2018.06.20-18.35.21:988][ 75]LogModuleManager: Shutting down and abandoning module AppleARKit (54)
[2018.06.20-18.35.21:988][ 75]LogModuleManager: Shutting down and abandoning module AugmentedReality (51)
[2018.06.20-18.35.21:988][ 75]LogModuleManager: Shutting down and abandoning module OnlineBlueprintSupport (48)
[2018.06.20-18.35.21:988][ 75]LogModuleManager: Shutting down and abandoning module OnlineSubsystem (44)
[2018.06.20-18.35.22:015][ 75]LogModuleManager: Shutting down and abandoning module XMPP (43)
[2018.06.20-18.35.22:028][ 75]LogModuleManager: Shutting down and abandoning module HTTP (41)
[2018.06.20-18.35.22:042][ 75]LogHttp: Display: Http module shutting down, but needs to wait on 1 outstanding Http requests:
[2018.06.20-18.35.22:042][ 75]LogHttp: Display: 	verb=[POST] url=[https://datarouter.ol.epicgames.com/datarouter/api/v1/public/data?SessionID=%7BC80C80AC-4CDB-56DF-9CD8-DC8A0DC69C21%7D&AppID=UEEditor.Rocket.Release&AppVersion=4.19.2-4033788%2B%2B%2BUE4%2BRelease-4.19&UserID=f819fdc644c849a3dacc87ace6063f30%7C6e256f409c7b4ab4a5a7a60851a99c15%7Cc6a18541-8361-4bbd-8f00-d48530dc3151&AppEnvironment=datacollector-binary&UploadType=eteventstream] status=Processing
[2018.06.20-18.35.22:068][ 75]LogModuleManager: Shutting down and abandoning module SSL (40)
[2018.06.20-18.35.22:081][ 75]LogModuleManager: Shutting down and abandoning module AnimationModifiers (36)
[2018.06.20-18.35.22:099][ 75]LogModuleManager: Shutting down and abandoning module PropertyEditor (35)
[2018.06.20-18.35.22:116][ 75]LogModuleManager: Shutting down and abandoning module AudioEditor (32)
[2018.06.20-18.35.22:151][ 75]LogModuleManager: Shutting down and abandoning module TextureCompressor (30)
[2018.06.20-18.35.22:163][ 75]LogModuleManager: Shutting down and abandoning module ShaderCore (28)
[2018.06.20-18.35.22:163][ 75]LogModuleManager: Shutting down and abandoning module Landscape (26)
[2018.06.20-18.35.22:163][ 75]LogModuleManager: Shutting down and abandoning module SlateRHIRenderer (24)
[2018.06.20-18.35.22:198][ 75]LogModuleManager: Shutting down and abandoning module OpenGLDrv (22)
[2018.06.20-18.35.22:207][ 75]LogModuleManager: Shutting down and abandoning module D3D11RHI (20)
[2018.06.20-18.35.22:207][ 75]LogModuleManager: Shutting down and abandoning module AnimGraphRuntime (18)
[2018.06.20-18.35.22:215][ 75]LogModuleManager: Shutting down and abandoning module Renderer (16)
[2018.06.20-18.35.22:215][ 75]LogModuleManager: Shutting down and abandoning module Engine (14)
[2018.06.20-18.35.22:215][ 75]LogModuleManager: Shutting down and abandoning module CoreUObject (12)
[2018.06.20-18.35.22:215][ 75]LogModuleManager: Shutting down and abandoning module NetworkFile (10)
[2018.06.20-18.35.22:215][ 75]LogModuleManager: Shutting down and abandoning module CookedIterativeFile (8)
[2018.06.20-18.35.22:215][ 75]LogModuleManager: Shutting down and abandoning module StreamingFile (6)
[2018.06.20-18.35.22:222][ 75]LogModuleManager: Shutting down and abandoning module SandboxFile (4)
[2018.06.20-18.35.22:231][ 75]LogModuleManager: Shutting down and abandoning module PakFile (2)
[2018.06.20-18.35.22:257][ 75]LogExit: Exiting.
[2018.06.20-18.35.22:279][ 75]Log file closed, 06/20/18 20:35:22
