Log file open, 06/23/18 19:39:19
LogWindows: Failed to load 'aqProf.dll' (GetLastError=126)
LogWindows: File 'aqProf.dll' does not exist
LogWindows: Failed to load 'VtuneApi.dll' (GetLastError=126)
LogWindows: File 'VtuneApi.dll' does not exist
LogWindows: Failed to load 'VtuneApi32e.dll' (GetLastError=126)
LogWindows: File 'VtuneApi32e.dll' does not exist
LogInit: Display: Running engine for game: UnrealEssentials
LogPlatformFile: Not using cached read wrapper
LogInit: Display: RandInit(1428344442) SRandInit(1428344442).
LogInit: Read version file with build ID '3944462'
LogInit: Overriding engine version to CL 4033788, compatible CL 3944462
LogInit: Registered custom module enumerator with build ID '3944462'
LogTaskGraph: Started task graph with 5 named threads and 23 total threads with 3 sets of task threads.
LogStats: Stats thread started at 0.271531
LogD3D11RHI: Aftermath initialized
LogICUInternationalization: Display: ICU TimeZone Detection - Raw Offset: +1:00, Platform Override: ''
LogModuleManager: Display: Found up-to-date module file ../../../Engine/Plugins/2D/Paper2D/Binaries/Win64/UE4Editor-Paper2D.dll (API version 3944462).
LogModuleManager: Display: Found up-to-date module file ../../../Engine/Plugins/2D/Paper2D/Binaries/Win64/UE4Editor-Paper2DEditor.dll (API version 3944462).
LogModuleManager: Display: Found up-to-date module file ../../../Engine/Plugins/2D/Paper2D/Binaries/Win64/UE4Editor-PaperSpriteSheetImporter.dll (API version 3944462).
LogModuleManager: Display: Found up-to-date module file ../../../Engine/Plugins/2D/Paper2D/Binaries/Win64/UE4Editor-PaperTiledImporter.dll (API version 3944462).
LogModuleManager: Display: Found up-to-date module file ../../../Engine/Plugins/2D/Paper2D/Binaries/Win64/UE4Editor-SmartSnapping.dll (API version 3944462).
LogModuleManager: Display: Found up-to-date module file ../../../Engine/Plugins/Blendables/LightPropagationVolume/Binaries/Win64/UE4Editor-LightPropagationVolumeRuntime.dll (API version 3944462).
LogModuleManager: Display: Found up-to-date module file ../../../Engine/Plugins/Blendables/LightPropagationVolume/Binaries/Win64/UE4Editor-LightPropagationVolumeEditor.dll (API version 3944462).
LogModuleManager: Display: Found up-to-date module file ../../../Engine/Plugins/Developer/CLionSourceCodeAccess/Binaries/Win64/UE4Editor-CLionSourceCodeAccess.dll (API version 3944462).
LogModuleManager: Display: Found up-to-date module file ../../../Engine/Plugins/Developer/GitSourceControl/Binaries/Win64/UE4Editor-GitSourceControl.dll (API version 3944462).
LogModuleManager: Display: Found up-to-date module file ../../../Engine/Plugins/Developer/PerforceSourceControl/Binaries/Win64/UE4Editor-PerforceSourceControl.dll (API version 3944462).
LogModuleManager: Display: Found up-to-date module file ../../../Engine/Plugins/Developer/SubversionSourceControl/Binaries/Win64/UE4Editor-SubversionSourceControl.dll (API version 3944462).
LogModuleManager: Display: Found up-to-date module file ../../../Engine/Plugins/Developer/UObjectPlugin/Binaries/Win64/UE4Editor-UObjectPlugin.dll (API version 3944462).
LogModuleManager: Display: Found up-to-date module file ../../../Engine/Plugins/Developer/VisualStudioCodeSourceCodeAccess/Binaries/Win64/UE4Editor-VisualStudioCodeSourceCodeAccess.dll (API version 3944462).
LogModuleManager: Display: Found up-to-date module file ../../../Engine/Plugins/Developer/VisualStudioSourceCodeAccess/Binaries/Win64/UE4Editor-VisualStudioSourceCodeAccess.dll (API version 3944462).
LogModuleManager: Display: Found up-to-date module file ../../../Engine/Plugins/Editor/AssetManagerEditor/Binaries/Win64/UE4Editor-AssetManagerEditor.dll (API version 3944462).
LogModuleManager: Display: Found up-to-date module file ../../../Engine/Plugins/Editor/CryptoKeys/Binaries/Win64/UE4Editor-CryptoKeys.dll (API version 3944462).
LogModuleManager: Display: Found up-to-date module file ../../../Engine/Plugins/Editor/CryptoKeys/Binaries/Win64/UE4Editor-CryptoKeysOpenSSL.dll (API version 3944462).
LogModuleManager: Display: Found up-to-date module file ../../../Engine/Plugins/Editor/DataValidation/Binaries/Win64/UE4Editor-DataValidation.dll (API version 3944462).
LogModuleManager: Display: Found up-to-date module file ../../../Engine/Plugins/Editor/FacialAnimation/Binaries/Win64/UE4Editor-FacialAnimation.dll (API version 3944462).
LogModuleManager: Display: Found up-to-date module file ../../../Engine/Plugins/Editor/FacialAnimation/Binaries/Win64/UE4Editor-FacialAnimationEditor.dll (API version 3944462).
LogModuleManager: Display: Found up-to-date module file ../../../Engine/Plugins/Editor/GameplayTagsEditor/Binaries/Win64/UE4Editor-GameplayTagsEditor.dll (API version 3944462).
LogModuleManager: Display: Found up-to-date module file ../../../Engine/Plugins/Editor/MobileLauncherProfileWizard/Binaries/Win64/UE4Editor-MobileLauncherProfileWizard.dll (API version 3944462).
LogModuleManager: Display: Found up-to-date module file ../../../Engine/Plugins/Editor/PluginBrowser/Binaries/Win64/UE4Editor-PluginBrowser.dll (API version 3944462).
LogModuleManager: Display: Found up-to-date module file ../../../Engine/Plugins/Editor/SpeedTreeImporter/Binaries/Win64/UE4Editor-SpeedTreeImporter.dll (API version 3944462).
LogModuleManager: Display: Found up-to-date module file ../../../Engine/Plugins/Enterprise/DatasmithContent/Binaries/Win64/UE4Editor-DatasmithContent.dll (API version 3944462).
LogModuleManager: Display: Found up-to-date module file ../../../Engine/Plugins/Experimental/AlembicImporter/Binaries/Win64/UE4Editor-AlembicImporter.dll (API version 3944462).
LogModuleManager: Display: Found up-to-date module file ../../../Engine/Plugins/Experimental/AlembicImporter/Binaries/Win64/UE4Editor-AlembicLibrary.dll (API version 3944462).
LogModuleManager: Display: Found up-to-date module file ../../../Engine/Plugins/Experimental/CharacterAI/Binaries/Win64/UE4Editor-CharacterAI.dll (API version 3944462).
LogModuleManager: Display: Found up-to-date module file ../../../Engine/Plugins/Experimental/HTML5Networking/Binaries/Win64/UE4Editor-HTML5Networking.dll (API version 3944462).
LogModuleManager: Display: Found up-to-date module file ../../../Engine/Plugins/Media/AndroidMedia/Binaries/Win64/UE4Editor-AndroidMediaEditor.dll (API version 3944462).
LogModuleManager: Display: Found up-to-date module file ../../../Engine/Plugins/Media/AndroidMedia/Binaries/Win64/UE4Editor-AndroidMediaFactory.dll (API version 3944462).
LogModuleManager: Display: Found up-to-date module file ../../../Engine/Plugins/Media/AvfMedia/Binaries/Win64/UE4Editor-AvfMediaEditor.dll (API version 3944462).
LogModuleManager: Display: Found up-to-date module file ../../../Engine/Plugins/Media/AvfMedia/Binaries/Win64/UE4Editor-AvfMediaFactory.dll (API version 3944462).
LogModuleManager: Display: Found up-to-date module file ../../../Engine/Plugins/Media/AvfMedia/Binaries/Win64/UE4Editor-AvfMediaFactory.dll (API version 3944462).
LogModuleManager: Display: Found up-to-date module file ../../../Engine/Plugins/Media/ImgMedia/Binaries/Win64/UE4Editor-ImgMedia.dll (API version 3944462).
LogModuleManager: Display: Found up-to-date module file ../../../Engine/Plugins/Media/ImgMedia/Binaries/Win64/UE4Editor-ImgMediaEditor.dll (API version 3944462).
LogModuleManager: Display: Found up-to-date module file ../../../Engine/Plugins/Media/ImgMedia/Binaries/Win64/UE4Editor-ImgMediaFactory.dll (API version 3944462).
LogModuleManager: Display: Found up-to-date module file ../../../Engine/Plugins/Media/ImgMedia/Binaries/Win64/UE4Editor-ImgMediaFactory.dll (API version 3944462).
LogModuleManager: Display: Found up-to-date module file ../../../Engine/Plugins/Media/ImgMedia/Binaries/Win64/UE4Editor-OpenExrWrapper.dll (API version 3944462).
LogModuleManager: Display: Found up-to-date module file ../../../Engine/Plugins/Media/LinearTimecode/Binaries/Win64/UE4Editor-LinearTimecode.dll (API version 3944462).
LogModuleManager: Display: Found up-to-date module file ../../../Engine/Plugins/Media/MediaCompositing/Binaries/Win64/UE4Editor-MediaCompositing.dll (API version 3944462).
LogModuleManager: Display: Found up-to-date module file ../../../Engine/Plugins/Media/MediaCompositing/Binaries/Win64/UE4Editor-MediaCompositingEditor.dll (API version 3944462).
LogModuleManager: Display: Found up-to-date module file ../../../Engine/Plugins/Media/MediaPlayerEditor/Binaries/Win64/UE4Editor-MediaPlayerEditor.dll (API version 3944462).
LogModuleManager: Display: Found up-to-date module file ../../../Engine/Plugins/Media/WmfMedia/Binaries/Win64/UE4Editor-WmfMedia.dll (API version 3944462).
LogModuleManager: Display: Found up-to-date module file ../../../Engine/Plugins/Media/WmfMedia/Binaries/Win64/UE4Editor-WmfMediaEditor.dll (API version 3944462).
LogModuleManager: Display: Found up-to-date module file ../../../Engine/Plugins/Media/WmfMedia/Binaries/Win64/UE4Editor-WmfMediaFactory.dll (API version 3944462).
LogModuleManager: Display: Found up-to-date module file ../../../Engine/Plugins/Media/WmfMedia/Binaries/Win64/UE4Editor-WmfMediaFactory.dll (API version 3944462).
LogModuleManager: Display: Found up-to-date module file ../../../Engine/Plugins/Messaging/TcpMessaging/Binaries/Win64/UE4Editor-TcpMessaging.dll (API version 3944462).
LogModuleManager: Display: Found up-to-date module file ../../../Engine/Plugins/Messaging/UdpMessaging/Binaries/Win64/UE4Editor-UdpMessaging.dll (API version 3944462).
LogModuleManager: Display: Found up-to-date module file ../../../Engine/Plugins/MovieScene/ActorSequence/Binaries/Win64/UE4Editor-ActorSequence.dll (API version 3944462).
LogModuleManager: Display: Found up-to-date module file ../../../Engine/Plugins/MovieScene/LevelSequenceEditor/Binaries/Win64/UE4Editor-LevelSequenceEditor.dll (API version 3944462).
LogModuleManager: Display: Found up-to-date module file ../../../Engine/Plugins/MovieScene/MatineeToLevelSequence/Binaries/Win64/UE4Editor-MatineeToLevelSequence.dll (API version 3944462).
LogModuleManager: Display: Found up-to-date module file ../../../Engine/Plugins/NetcodeUnitTest/NetcodeUnitTest/Binaries/Win64/UE4Editor-NetcodeUnitTest.dll (API version 3944462).
LogModuleManager: Display: Found up-to-date module file ../../../Engine/Plugins/NetcodeUnitTest/NUTUnrealEngine4/Binaries/Win64/UE4Editor-NUTUnrealEngine4.dll (API version 3944462).
LogModuleManager: Display: Found up-to-date module file ../../../Engine/Plugins/Online/OnlineSubsystem/Binaries/Win64/UE4Editor-OnlineSubsystem.dll (API version 3944462).
LogModuleManager: Display: Found up-to-date module file ../../../Engine/Plugins/Runtime/AndroidPermission/Binaries/Win64/UE4Editor-AndroidPermission.dll (API version 3944462).
LogModuleManager: Display: Found up-to-date module file ../../../Engine/Plugins/Online/OnlineSubsystemNull/Binaries/Win64/UE4Editor-OnlineSubsystemNull.dll (API version 3944462).
LogModuleManager: Display: Found up-to-date module file ../../../Engine/Plugins/Online/OnlineSubsystemUtils/Binaries/Win64/UE4Editor-OnlineSubsystemUtils.dll (API version 3944462).
LogModuleManager: Display: Found up-to-date module file ../../../Engine/Plugins/Online/OnlineSubsystemUtils/Binaries/Win64/UE4Editor-OnlineBlueprintSupport.dll (API version 3944462).
LogModuleManager: Display: Found up-to-date module file ../../../Engine/Plugins/Runtime/AndroidDeviceProfileSelector/Binaries/Win64/UE4Editor-AndroidDeviceProfileSelector.dll (API version 3944462).
LogModuleManager: Display: Found up-to-date module file ../../../Engine/Plugins/Runtime/AppleARKit/Binaries/Win64/UE4Editor-AppleARKit.dll (API version 3944462).
LogModuleManager: Display: Found up-to-date module file ../../../Engine/Plugins/Runtime/ProceduralMeshComponent/Binaries/Win64/UE4Editor-ProceduralMeshComponent.dll (API version 3944462).
LogModuleManager: Display: Found up-to-date module file ../../../Engine/Plugins/Runtime/ProceduralMeshComponent/Binaries/Win64/UE4Editor-ProceduralMeshComponentEditor.dll (API version 3944462).
LogModuleManager: Display: Found up-to-date module file ../../../Engine/Plugins/Animation/LiveLink/Binaries/Win64/UE4Editor-LiveLink.dll (API version 3944462).
LogModuleManager: Display: Found up-to-date module file ../../../Engine/Plugins/Animation/LiveLink/Binaries/Win64/UE4Editor-LiveLinkEditor.dll (API version 3944462).
LogModuleManager: Display: Found up-to-date module file ../../../Engine/Plugins/Runtime/ArchVisCharacter/Binaries/Win64/UE4Editor-ArchVisCharacter.dll (API version 3944462).
LogModuleManager: Display: Found up-to-date module file ../../../Engine/Plugins/Runtime/AudioCapture/Binaries/Win64/UE4Editor-AudioCapture.dll (API version 3944462).
LogModuleManager: Display: Found up-to-date module file ../../../Engine/Plugins/Runtime/AudioCapture/Binaries/Win64/UE4Editor-AudioCaptureEditor.dll (API version 3944462).
LogModuleManager: Display: Found up-to-date module file ../../../Engine/Plugins/Runtime/CableComponent/Binaries/Win64/UE4Editor-CableComponent.dll (API version 3944462).
LogModuleManager: Display: Found up-to-date module file ../../../Engine/Plugins/Runtime/CustomMeshComponent/Binaries/Win64/UE4Editor-CustomMeshComponent.dll (API version 3944462).
LogModuleManager: Display: Found up-to-date module file ../../../Engine/Plugins/Runtime/ExampleDeviceProfileSelector/Binaries/Win64/UE4Editor-ExampleDeviceProfileSelector.dll (API version 3944462).
LogModuleManager: Display: Found up-to-date module file ../../../Engine/Plugins/Runtime/ImmediatePhysics/Binaries/Win64/UE4Editor-ImmediatePhysics.dll (API version 3944462).
LogModuleManager: Display: Found up-to-date module file ../../../Engine/Plugins/Runtime/ImmediatePhysics/Binaries/Win64/UE4Editor-ImmediatePhysicsEditor.dll (API version 3944462).
LogModuleManager: Display: Found up-to-date module file ../../../Engine/Plugins/Runtime/LocationServicesBPLibrary/Binaries/Win64/UE4Editor-LocationServicesBPLibrary.dll (API version 3944462).
LogModuleManager: Display: Found up-to-date module file ../../../Engine/Plugins/Runtime/MobilePatchingUtils/Binaries/Win64/UE4Editor-MobilePatchingUtils.dll (API version 3944462).
LogModuleManager: Display: Found up-to-date module file ../../../Engine/Plugins/Runtime/Oculus/OculusVR/Binaries/Win64/UE4Editor-OculusHMD.dll (API version 3944462).
LogModuleManager: Display: Found up-to-date module file ../../../Engine/Plugins/Runtime/Oculus/OculusVR/Binaries/Win64/UE4Editor-OculusInput.dll (API version 3944462).
LogModuleManager: Display: Found up-to-date module file ../../../Engine/Plugins/Runtime/Oculus/OculusVR/Binaries/Win64/UE4Editor-OculusEditor.dll (API version 3944462).
LogModuleManager: Display: Found up-to-date module file ../../../Engine/Plugins/Runtime/PhysXVehicles/Binaries/Win64/UE4Editor-PhysXVehicles.dll (API version 3944462).
LogModuleManager: Display: Found up-to-date module file ../../../Engine/Plugins/Runtime/PhysXVehicles/Binaries/Win64/UE4Editor-PhysXVehiclesEditor.dll (API version 3944462).
LogModuleManager: Display: Found up-to-date module file ../../../Engine/Plugins/Runtime/RuntimePhysXCooking/Binaries/Win64/UE4Editor-RuntimePhysXCooking.dll (API version 3944462).
LogModuleManager: Display: Found up-to-date module file ../../../Engine/Plugins/Runtime/Steam/SteamVR/Binaries/Win64/UE4Editor-SteamVR.dll (API version 3944462).
LogModuleManager: Display: Found up-to-date module file ../../../Engine/Plugins/Runtime/Steam/SteamVR/Binaries/Win64/UE4Editor-SteamVRController.dll (API version 3944462).
LogModuleManager: Display: Found up-to-date module file ../../../Engine/Plugins/Runtime/WindowsMoviePlayer/Binaries/Win64/UE4Editor-WindowsMoviePlayer.dll (API version 3944462).
LogPluginManager: Mounting plugin Paper2D
LogPluginManager: Mounting plugin LiveLink
LogPluginManager: Mounting plugin LightPropagationVolume
LogPluginManager: Mounting plugin CLionSourceCodeAccess
LogPluginManager: Mounting plugin CodeLiteSourceCodeAccess
LogPluginManager: Mounting plugin GitSourceControl
LogPluginManager: Mounting plugin KDevelopSourceCodeAccess
LogPluginManager: Mounting plugin NullSourceCodeAccess
LogPluginManager: Mounting plugin PerforceSourceControl
LogPluginManager: Mounting plugin SubversionSourceControl
LogPluginManager: Mounting plugin UObjectPlugin
LogPluginManager: Mounting plugin VisualStudioCodeSourceCodeAccess
LogPluginManager: Mounting plugin VisualStudioSourceCodeAccess
LogPluginManager: Mounting plugin XCodeSourceCodeAccess
LogPluginManager: Mounting plugin AssetManagerEditor
LogPluginManager: Mounting plugin CryptoKeys
LogPluginManager: Mounting plugin DataValidation
LogPluginManager: Mounting plugin FacialAnimation
LogPluginManager: Mounting plugin GameplayTagsEditor
LogPluginManager: Mounting plugin MobileLauncherProfileWizard
LogPluginManager: Mounting plugin PluginBrowser
LogPluginManager: Mounting plugin SpeedTreeImporter
LogPluginManager: Mounting plugin DatasmithContent
LogPluginManager: Mounting plugin AlembicImporter
LogPluginManager: Mounting plugin CharacterAI
LogPluginManager: Mounting plugin HTML5Networking
LogPluginManager: Mounting plugin AndroidMedia
LogPluginManager: Mounting plugin AvfMedia
LogPluginManager: Mounting plugin ImgMedia
LogPluginManager: Mounting plugin LinearTimecode
LogPluginManager: Mounting plugin MediaCompositing
LogPluginManager: Mounting plugin MediaPlayerEditor
LogPluginManager: Mounting plugin WmfMedia
LogPluginManager: Mounting plugin TcpMessaging
LogPluginManager: Mounting plugin UdpMessaging
LogPluginManager: Mounting plugin ActorSequence
LogPluginManager: Mounting plugin LevelSequenceEditor
LogPluginManager: Mounting plugin MatineeToLevelSequence
LogPluginManager: Mounting plugin NetcodeUnitTest
LogPluginManager: Mounting plugin NUTUnrealEngine4
LogPluginManager: Mounting plugin OnlineSubsystemGooglePlay
LogPluginManager: Mounting plugin OnlineSubsystemIOS
LogPluginManager: Mounting plugin OnlineSubsystem
LogPluginManager: Mounting plugin OnlineSubsystemNull
LogPluginManager: Mounting plugin OnlineSubsystemUtils
LogPluginManager: Mounting plugin AndroidDeviceProfileSelector
LogPluginManager: Mounting plugin AndroidMoviePlayer
LogPluginManager: Mounting plugin AndroidPermission
LogPluginManager: Mounting plugin AppleARKit
LogPluginManager: Mounting plugin AppleMoviePlayer
LogPluginManager: Mounting plugin ArchVisCharacter
LogPluginManager: Mounting plugin AudioCapture
LogPluginManager: Mounting plugin CableComponent
LogPluginManager: Mounting plugin CustomMeshComponent
LogPluginManager: Mounting plugin ExampleDeviceProfileSelector
LogPluginManager: Mounting plugin GoogleCloudMessaging
LogPluginManager: Mounting plugin ImmediatePhysics
LogPluginManager: Mounting plugin IOSDeviceProfileSelector
LogPluginManager: Mounting plugin LinuxDeviceProfileSelector
LogPluginManager: Mounting plugin LocationServicesBPLibrary
LogPluginManager: Mounting plugin MobilePatchingUtils
LogPluginManager: Mounting plugin OculusVR
LogPluginManager: Plugin shader directory ../../../Engine/Plugins/Runtime/Oculus/OculusVR/Shaders found
LogPluginManager: Mapping shader source directory ../../../Engine/Plugins/Runtime/Oculus/OculusVR/Shaders to virtual directory /Plugin/OculusVR
LogPluginManager: Mounting plugin PhysXVehicles
LogPluginManager: Mounting plugin ProceduralMeshComponent
LogPluginManager: Mounting plugin RuntimePhysXCooking
LogPluginManager: Mounting plugin SteamVR
LogPluginManager: Mounting plugin WindowsMoviePlayer
LogStreaming: Display: Took  0.794s to configure plugins.
LogInit: Using libcurl 7.47.1
LogInit:  - built for x86_64-pc-win32
LogInit:  - supports SSL with OpenSSL/1.0.2g
LogInit:  - supports HTTP deflate (compression) using libz 1.2.8
LogInit:  - other features:
LogInit:      CURL_VERSION_SSL
LogInit:      CURL_VERSION_LIBZ
LogInit:      CURL_VERSION_IPV6
LogInit:      CURL_VERSION_ASYNCHDNS
LogInit:      CURL_VERSION_LARGEFILE
LogInit:      CURL_VERSION_IDN
LogInit:  CurlRequestOptions (configurable via config and command line):
LogInit:  - bVerifyPeer = false  - Libcurl will NOT verify peer certificate
LogInit:  - bUseHttpProxy = false  - Libcurl will NOT use HTTP proxy
LogInit:  - bDontReuseConnections = false  - Libcurl will reuse connections
LogInit:  - CertBundlePath = nullptr  - Libcurl will use whatever was configured at build time.
LogInit:  - MaxHostConnections = 16  - Libcurl will limit the number of connections to a host
LogInit:  - LocalHostAddr = Default
LogInit: WinSock: version 1.1 (2.2), MaxSocks=32767, MaxUdp=65467
LogInit: WinSock: I am DESKTOP-1SB9H3L (192.168.100.40:0)
LogInit: Build: ++UE4+Release-4.19-CL-4033788
LogInit: Engine Version: 4.19.2-4033788+++UE4+Release-4.19
LogInit: Compatible Engine Version: 4.19.0-3944462+++UE4+Release-4.19
LogInit: Net CL: 3944462
LogDevObjectVersion: Number of dev versions registered: 18
LogDevObjectVersion:   Dev-Blueprints (B0D832E4-1F89-4F0D-ACCF-7EB736FD4AA2): 10
LogDevObjectVersion:   Dev-Build (E1C64328-A22C-4D53-A36C-8E866417BD8C): 0
LogDevObjectVersion:   Dev-Core (375EC13C-06E4-48FB-B500-84F0262A717E): 2
LogDevObjectVersion:   Dev-Editor (E4B068ED-F494-42E9-A231-DA0B2E46BB41): 23
LogDevObjectVersion:   Dev-Framework (CFFC743F-43B0-4480-9391-14DF171D2073): 33
LogDevObjectVersion:   Dev-Mobile (B02B49B5-BB20-44E9-A304-32B752E40360): 2
LogDevObjectVersion:   Dev-Networking (A4E4105C-59A1-49B5-A7C5-40C4547EDFEE): 0
LogDevObjectVersion:   Dev-Online (39C831C9-5AE6-47DC-9A44-9C173E1C8E7C): 0
LogDevObjectVersion:   Dev-Physics (78F01B33-EBEA-4F98-B9B4-84EACCB95AA2): 0
LogDevObjectVersion:   Dev-Platform (6631380F-2D4D-43E0-8009-CF276956A95A): 0
LogDevObjectVersion:   Dev-Rendering (12F88B9F-8875-4AFC-A67C-D90C383ABD29): 25
LogDevObjectVersion:   Dev-Sequencer (7B5AE74C-D270-4C10-A958-57980B212A5A): 6
LogDevObjectVersion:   Dev-VR (D7296918-1DD6-4BDD-9DE2-64A83CC13884): 1
LogDevObjectVersion:   Dev-LoadTimes (C2A15278-BFE7-4AFE-6C17-90FF531DF755): 1
LogDevObjectVersion:   Private-Geometry (6EACA3D4-40EC-4CC1-B786-8BED09428FC5): 2
LogDevObjectVersion:   Dev-AnimPhys (29E575DD-E0A3-4627-9D10-D276232CDCEA): 16
LogDevObjectVersion:   Dev-ReflectionCapture (6B266CEC-1EC7-4B8F-A30B-E4D90942FC07): 1
LogDevObjectVersion:   Dev-Automation (0DF73D61-A23F-47EA-B727-89E90C41499A): 1
LogInit: Compiled (64-bit): Apr 27 2018 02:06:57
LogInit: Compiled with Visual C++: 19.00.24215.01
LogInit: Build Configuration: Development
LogInit: Branch Name: ++UE4+Release-4.19
LogInit: Command Line: -EpicPortal 
LogInit: Base Directory: D:/TotallyNotFortnite/UE_4.19/Engine/Binaries/Win64/
LogInit: Installed Engine Build: 1
LogStreaming: Display: Took  0.000s to delete old logs.
LogInit: Presizing for max 8388607 objects, including 0 objects not considered by GC, pre-allocating 0 bytes for permanent pool.
LogInit: Object subsystem initialized
[2018.06.23-17.39.20:200][  0]LogInit: Selected Device Profile: [Windows]
[2018.06.23-17.39.20:200][  0]LogInit: Applying CVar settings loaded from the selected device profile: [Windows]
[2018.06.23-17.39.20:225][  0]LogInit: Computer: DESKTOP-1SB9H3L
[2018.06.23-17.39.20:225][  0]LogInit: User: Bartek
[2018.06.23-17.39.20:225][  0]LogInit: CPU Page size=4096, Cores=4
[2018.06.23-17.39.20:225][  0]LogInit: High frequency timer resolution =2.742186 MHz
[2018.06.23-17.39.20:225][  0]LogMemory: Memory total: Physical=8.0GB (8GB approx)
[2018.06.23-17.39.20:225][  0]LogMemory: Platform Memory Stats for Windows
[2018.06.23-17.39.20:225][  0]LogMemory: Process Physical Memory: 274.56 MB used, 274.56 MB peak
[2018.06.23-17.39.20:225][  0]LogMemory: Process Virtual Memory: 266.07 MB used, 266.07 MB peak
[2018.06.23-17.39.20:225][  0]LogMemory: Physical Memory: 4450.89 MB used,  3694.00 MB free, 8144.89 MB total
[2018.06.23-17.39.20:225][  0]LogMemory: Virtual Memory: 689.50 MB used,  3694.00 MB free, 134217728.00 MB total
[2018.06.23-17.39.21:138][  0]LogInit: Using OS detected language (pl-PL).
[2018.06.23-17.39.21:138][  0]LogInit: Using OS detected locale (pl-PL).
[2018.06.23-17.39.21:140][  0]LogTextLocalizationManager: No localization for 'pl-PL' exists, so 'en' will be used for the language.
[2018.06.23-17.39.21:547][  0]LogStreaming: Display: Took  0.410s to EndInitTextLocalization.
[2018.06.23-17.39.21:547][  0]LogInit: Setting process to per monitor DPI aware
[2018.06.23-17.39.21:577][  0]LogSlate: New Slate User Created.  User Index 0, Is Virtual User: 0
[2018.06.23-17.39.21:577][  0]LogSlate: Slate User Registered.  User Index 0, Is Virtual User: 0
[2018.06.23-17.39.21:784][  0]LogD3D11RHI: D3D11 adapters:
[2018.06.23-17.39.21:852][  0]LogD3D11RHI:    0. 'NVIDIA GeForce GTX 1060' (Feature Level 11_0)
[2018.06.23-17.39.21:852][  0]LogD3D11RHI:       6084/0/4072 MB DedicatedVideo/DedicatedSystem/SharedSystem, Outputs:1, VendorId:0x10de
[2018.06.23-17.39.21:855][  0]LogD3D11RHI:    1. 'Microsoft Basic Render Driver' (Feature Level 11_0)
[2018.06.23-17.39.21:855][  0]LogD3D11RHI:       0/0/4072 MB DedicatedVideo/DedicatedSystem/SharedSystem, Outputs:0, VendorId:0x1414
[2018.06.23-17.39.21:855][  0]LogD3D11RHI: Chosen D3D11 Adapter: 0
[2018.06.23-17.39.21:862][  0]LogD3D11RHI: Creating new Direct3DDevice
[2018.06.23-17.39.21:862][  0]LogD3D11RHI:     GPU DeviceId: 0x1c60 (for the marketing name, search the web for "GPU Device Id")
[2018.06.23-17.39.21:862][  0]LogWindows: EnumDisplayDevices:
[2018.06.23-17.39.21:862][  0]LogWindows:    0. 'NVIDIA GeForce GTX 1060' (P:1 D:1)
[2018.06.23-17.39.21:862][  0]LogWindows:    1. 'NVIDIA GeForce GTX 1060' (P:0 D:0)
[2018.06.23-17.39.21:862][  0]LogWindows:    2. 'NVIDIA GeForce GTX 1060' (P:0 D:0)
[2018.06.23-17.39.21:862][  0]LogWindows:    3. 'NVIDIA GeForce GTX 1060' (P:0 D:0)
[2018.06.23-17.39.21:863][  0]LogWindows: DebugString: GetVideoDriverDetailsInvalid PrimaryIsNotTheChoosenAdapter GetVideoDriverDetailsInvalid PrimaryIsNotTheChoosenAdapter GetVideoDriverDetailsInvalid PrimaryIsNotTheChoosenAdapter GetVideoDriverDetailsInvalid PrimaryIsNotTheChoosenAdapter FoundDriverCount:0 
[2018.06.23-17.39.21:863][  0]LogD3D11RHI:     Adapter Name: NVIDIA GeForce GTX 1060
[2018.06.23-17.39.21:863][  0]LogD3D11RHI:   Driver Version: Unknown (internal:Unknown, unified:Unknown)
[2018.06.23-17.39.21:863][  0]LogD3D11RHI:      Driver Date: Unknown
[2018.06.23-17.39.21:863][  0]LogRHI: Texture pool is 4259 MB (70% of 6084 MB)
[2018.06.23-17.39.21:893][  0]LogD3D11RHI: [Aftermath] Aftermath enabled but failed to initialize
[2018.06.23-17.39.21:893][  0]LogD3D11RHI: [Aftermath] Aftermath enabled and primed
[2018.06.23-17.39.21:893][  0]LogD3D11RHI: Async texture creation enabled
[2018.06.23-17.39.21:906][  0]LogD3D11RHI: GPU Timing Frequency: 1000.000000 (Debug: 2 1)
[2018.06.23-17.39.21:953][  0]LogShaderCompilers: Guid format shader working directory is -7 characters bigger than the processId version (../../../../../UnrealEngine Projects/UnrealEssentials/Intermediate/Shaders/WorkingDirectory/14616/).
[2018.06.23-17.39.21:953][  0]LogShaderCompilers: Cleaned the shader compiler working directory 'C:/Users/Bartek/AppData/Local/Temp/UnrealShaderWorkingDir/817DECA84A37A2CCB93B5F8682FD4C8C/'.
[2018.06.23-17.39.22:284][  0]LogTemp: Display: Loaded TP AllDesktopTargetPlatform
[2018.06.23-17.39.22:295][  0]LogTemp: Display: Loaded TP MacClientTargetPlatform
[2018.06.23-17.39.22:307][  0]LogTemp: Display: Loaded TP MacNoEditorTargetPlatform
[2018.06.23-17.39.22:319][  0]LogTemp: Display: Loaded TP MacServerTargetPlatform
[2018.06.23-17.39.22:331][  0]LogTemp: Display: Loaded TP MacTargetPlatform
[2018.06.23-17.39.22:344][  0]LogTemp: Display: Loaded TP WindowsClientTargetPlatform
[2018.06.23-17.39.22:358][  0]LogTemp: Display: Loaded TP WindowsNoEditorTargetPlatform
[2018.06.23-17.39.22:372][  0]LogTemp: Display: Loaded TP WindowsServerTargetPlatform
[2018.06.23-17.39.22:378][  0]LogTemp: Display: Loaded TP WindowsTargetPlatform
[2018.06.23-17.39.22:389][  0]LogTemp: Display: Loaded TP Android_ASTCTargetPlatform
[2018.06.23-17.39.22:401][  0]LogTemp: Display: Loaded TP Android_ATCTargetPlatform
[2018.06.23-17.39.22:412][  0]LogTemp: Display: Loaded TP Android_DXTTargetPlatform
[2018.06.23-17.39.22:423][  0]LogTemp: Display: Loaded TP Android_ETC1aTargetPlatform
[2018.06.23-17.39.22:434][  0]LogTemp: Display: Loaded TP Android_ETC1TargetPlatform
[2018.06.23-17.39.22:445][  0]LogTemp: Display: Loaded TP Android_ETC2TargetPlatform
[2018.06.23-17.39.22:466][  0]LogTemp: Display: Loaded TP Android_MultiTargetPlatform
[2018.06.23-17.39.22:466][  0]LogTemp: Display: Loaded TP Android_PVRTCTargetPlatform
[2018.06.23-17.39.22:477][  0]LogTemp: Display: Loaded TP AndroidTargetPlatform
[2018.06.23-17.39.22:479][  0]LogTemp: Display: Loaded TP HTML5TargetPlatform
[2018.06.23-17.39.22:517][  0]LogTemp: Display: Loaded TP IOSTargetPlatform
[2018.06.23-17.39.22:528][  0]LogTemp: Display: Loaded TP TVOSTargetPlatform
[2018.06.23-17.39.22:541][  0]LogTemp: Display: Loaded TP LinuxClientTargetPlatform
[2018.06.23-17.39.22:553][  0]LogTemp: Display: Loaded TP LinuxNoEditorTargetPlatform
[2018.06.23-17.39.22:565][  0]LogTemp: Display: Loaded TP LinuxServerTargetPlatform
[2018.06.23-17.39.22:578][  0]LogTemp: Display: Loaded TP LinuxTargetPlatform
[2018.06.23-17.39.22:578][  0]LogTargetPlatformManager: Display: Building Assets For Windows
[2018.06.23-17.39.22:660][  0]LogXGEController: Cannot use XGE Controller as Incredibuild is not installed on this machine.
[2018.06.23-17.39.22:660][  0]LogShaderCompilers: Cannot use XGE Shader Compiler as Incredibuild is not installed on this machine.
[2018.06.23-17.39.22:660][  0]LogShaderCompilers: Display: Using Local Shader Compiler.
[2018.06.23-17.39.23:283][  0]LogDerivedDataCache: Display: Max Cache Size: 512 MB
[2018.06.23-17.39.23:369][  0]LogDerivedDataCache: Loaded boot cache 0.09s 74MB C:/Users/Bartek/AppData/Local/UnrealEngine/4.19/DerivedDataCache/Boot.ddc.
[2018.06.23-17.39.23:369][  0]LogDerivedDataCache: Display: Loaded Boot cache: C:/Users/Bartek/AppData/Local/UnrealEngine/4.19/DerivedDataCache/Boot.ddc
[2018.06.23-17.39.23:369][  0]LogDerivedDataCache: FDerivedDataBackendGraph:  Pak pak cache file ../../../../../UnrealEngine Projects/UnrealEssentials/DerivedDataCache/DDC.ddp not found, will not use a pak cache.
[2018.06.23-17.39.23:369][  0]LogDerivedDataCache: Unable to find inner node Pak for hierarchical cache Hierarchy.
[2018.06.23-17.39.23:369][  0]LogDerivedDataCache: FDerivedDataBackendGraph:  CompressedPak pak cache file ../../../../../UnrealEngine Projects/UnrealEssentials/DerivedDataCache/Compressed.ddp not found, will not use a pak cache.
[2018.06.23-17.39.23:369][  0]LogDerivedDataCache: Unable to find inner node CompressedPak for hierarchical cache Hierarchy.
[2018.06.23-17.39.23:384][  0]LogDerivedDataCache: Display: Pak cache opened for reading ../../../Engine/DerivedDataCache/Compressed.ddp.
[2018.06.23-17.39.23:396][  0]LogDerivedDataCache: Using Local data cache path C:/Users/Bartek/AppData/Local/UnrealEngine/Common/DerivedDataCache: Writable
[2018.06.23-17.39.23:396][  0]LogDerivedDataCache: Shared data cache path not found in *engine.ini, will not use an Shared cache.
[2018.06.23-17.39.23:396][  0]LogDerivedDataCache: Unable to find inner node Shared for hierarchical cache Hierarchy.
[2018.06.23-17.39.23:406][  0]LogMaterial: Verifying Global Shaders for PCD3D_SM5
[2018.06.23-17.39.23:406][  0]LogSlate: Using Freetype 2.6.0
[2018.06.23-17.39.23:407][  0]LogSlate: SlateFontCache - WITH_FREETYPE: 1, WITH_HARFBUZZ: 1
[2018.06.23-17.39.23:407][  0]LogSlate: SlateFontCache - WITH_FREETYPE: 1, WITH_HARFBUZZ: 1
[2018.06.23-17.39.23:525][  0]LogAssetRegistry: FAssetRegistry took 0.0266 seconds to start up
[2018.06.23-17.39.23:813][  0]LogInit: Selected Device Profile: [Windows]
[2018.06.23-17.39.23:944][  0]LogSimplygon: Simplygon DLL not present - disabling.
[2018.06.23-17.39.23:946][  0]LogMeshReduction: Using SimplygonSwarm for distributed automatic mesh merging
[2018.06.23-17.39.23:946][  0]LogMeshReduction: Using QuadricMeshReduction for automatic static mesh reduction
[2018.06.23-17.39.23:946][  0]LogMeshReduction: No automatic skeletal mesh reduction module available
[2018.06.23-17.39.23:946][  0]LogMeshReduction: No automatic mesh merging module available
[2018.06.23-17.39.23:946][  0]LogMeshMerging: No automatic mesh merging module available
[2018.06.23-17.39.23:980][  0]LogNetVersion: UnrealEssentials , NetCL: 3944462, EngineNetVer: 2, GameNetVer: 0 (Checksum: 3858252374)
[2018.06.23-17.39.24:521][  0]LogPackageLocalizationCache: Processed 9 localized package path(s) for 1 prioritized culture(s) in 0.071084 seconds
[2018.06.23-17.39.24:527][  0]LogUObjectArray: 36728 objects as part of root set at end of initial load.
[2018.06.23-17.39.24:527][  0]LogUObjectAllocator: 7314312 out of 0 bytes used by permanent object pool.
[2018.06.23-17.39.24:527][  0]LogUObjectArray: CloseDisregardForGC: 0/0 objects in disregard for GC pool
[2018.06.23-17.39.26:227][  0]LogTcpMessaging: Initializing TcpMessaging bridge
[2018.06.23-17.39.26:256][  0]LogUdpMessaging: Initializing bridge on interface 0.0.0.0:0 to multicast group 230.0.0.1:6666.
[2018.06.23-17.39.26:256][  0]FUdpSocketBuilder: Failed to subscribe UdpMessageMulticastSocket to multicast group 230.0.0.1
[2018.06.23-17.39.26:256][  0]FUdpSocketBuilder: Failed to create and initialize socket UdpMessageMulticastSocket (last error: 0)
[2018.06.23-17.39.26:257][  0]LogUdpMessaging: Warning: StartTransport failed to create multicast socket on 0.0.0.0:0, joined to 230.0.0.1:6666 with TTL 1
[2018.06.23-17.39.26:536][  0]SourceControl: Source control is disabled
[2018.06.23-17.39.26:536][  0]SourceControl: Source control is disabled
[2018.06.23-17.39.26:550][  0]SourceControl: Source control is disabled
[2018.06.23-17.39.26:563][  0]SourceControl: Source control is disabled
[2018.06.23-17.39.26:977][  0]LogAndroidPermission: UAndroidPermissionCallbackProxy::GetInstance
[2018.06.23-17.39.27:105][  0]LogOcInput: OculusInput pre-init called
[2018.06.23-17.39.27:204][  0]LogEngine: Initializing Engine...
[2018.06.23-17.39.27:205][  0]LogHMD: Failed to initialize OpenVR with code 110
[2018.06.23-17.39.27:206][  0]LogStats: UGameplayTagsManager::ConstructGameplayTagTree: Construct from data asset -  0.000 s
[2018.06.23-17.39.27:206][  0]LogStats: UGameplayTagsManager::ConstructGameplayTagTree: GameplayTagTreeChangedEvent.Broadcast -  0.000 s
[2018.06.23-17.39.27:501][  0]LogAIModule: Creating AISystem for world Untitled
[2018.06.23-17.39.27:508][  0]LogInit: XAudio2 using 'Speakers (Realtek High Definition Audio)' : 6 channels at 48 kHz using 32 bits per sample (channel mask 0x3f)
[2018.06.23-17.39.27:696][  0]LogInit: FAudioDevice initialized.
[2018.06.23-17.39.27:804][  0]LogDerivedDataCache: Saved boot cache 0.11s 74MB C:/Users/Bartek/AppData/Local/UnrealEngine/4.19/DerivedDataCache/Boot.ddc.
[2018.06.23-17.39.27:819][  0]LogInit: Texture streaming: Enabled
[2018.06.23-17.39.27:833][  0]LogEngineSessionManager: EngineSessionManager initialized
[2018.06.23-17.39.27:864][  0]LogInit: Transaction tracking system initialized
[2018.06.23-17.39.27:880][  0]BlueprintLog: New page: Editor Load
[2018.06.23-17.39.27:935][  0]LocalizationService: Localization service is disabled
[2018.06.23-17.39.28:273][  0]LogConsoleResponse: Display: 
[2018.06.23-17.39.28:539][  0]LogCook: Display: Max memory allowance for cook 16384mb min free memory 0mb
[2018.06.23-17.39.28:539][  0]LogCook: Display: Mobile HDR setting 1
[2018.06.23-17.39.28:539][  0]LogGameplayTags: Display: UGameplayTagsManager::DoneAddingNativeTags. DelegateIsBound: 0
[2018.06.23-17.39.28:539][  0]LogStats: UGameplayTagsManager::ConstructGameplayTagTree: Construct from data asset -  0.000 s
[2018.06.23-17.39.28:539][  0]LogStats: UGameplayTagsManager::ConstructGameplayTagTree: GameplayTagTreeChangedEvent.Broadcast -  0.000 s
[2018.06.23-17.39.28:544][  0]LogFileCache: Scanning file cache for directory 'D:/UnrealEngine Projects/UnrealEssentials/Content/' took 0.01s
[2018.06.23-17.39.28:831][  0]SourceControl: Source control is disabled
[2018.06.23-17.39.28:832][  0]Cmd: MAP LOAD FILE="../../../../../UnrealEngine Projects/UnrealEssentials/Content/ThirdPersonBP/Maps/ThirdPersonExampleMap.umap" TEMPLATE=0 SHOWPROGRESS=1 FEATURELEVEL=3
[2018.06.23-17.39.28:832][  0]LightingResults: New page: Lighting Build
[2018.06.23-17.39.28:834][  0]MapCheck: New page: Map Check
[2018.06.23-17.39.28:834][  0]LightingResults: New page: Lighting Build
[2018.06.23-17.39.29:130][  0]LogUObjectGlobals: Created PersistentFrame Addr=0x0000020a3b02a9c0, Size=64, Default__ThirdPerson_AnimBP_C Function /Game/Mannequin/Animations/ThirdPerson_AnimBP.ThirdPerson_AnimBP_C:ExecuteUbergraph_ThirdPerson_AnimBP
[2018.06.23-17.39.29:178][  0]LogUObjectGlobals: Destroyed PersistentFrame Addr=0x0000020a3b02a9c0, Size=64
[2018.06.23-17.39.29:178][  0]LogUObjectGlobals: Created PersistentFrame Addr=0x0000020a3b02a600, Size=64, Default__ThirdPerson_AnimBP_C Function /Engine/Transient.REINST_ThirdPerson_AnimBP_C_0:ExecuteUbergraph_ThirdPerson_AnimBP
[2018.06.23-17.39.29:194][  0]LogUObjectGlobals: Created PersistentFrame Addr=0x0000020a3afbfec0, Size=72, Default__ThirdPerson_AnimBP_C Function /Game/Mannequin/Animations/ThirdPerson_AnimBP.ThirdPerson_AnimBP_C:ExecuteUbergraph_ThirdPerson_AnimBP
[2018.06.23-17.39.29:527][  0]LogUObjectGlobals: Created PersistentFrame Addr=0x0000020a3afa8900, Size=296, Default__ThirdPersonCharacter_C Function /Game/ThirdPersonBP/Blueprints/ThirdPersonCharacter.ThirdPersonCharacter_C:ExecuteUbergraph_ThirdPersonCharacter
[2018.06.23-17.39.29:532][  0]LogUObjectGlobals: Destroyed PersistentFrame Addr=0x0000020a3afa8900, Size=296
[2018.06.23-17.39.29:532][  0]LogUObjectGlobals: Created PersistentFrame Addr=0x0000020a44593b00, Size=296, Default__ThirdPersonCharacter_C Function /Engine/Transient.REINST_ThirdPersonCharacter_C_4:ExecuteUbergraph_ThirdPersonCharacter
[2018.06.23-17.39.29:538][  0]LogUObjectGlobals: Created PersistentFrame Addr=0x0000020a44592e80, Size=296, Default__ThirdPersonCharacter_C Function /Game/ThirdPersonBP/Blueprints/ThirdPersonCharacter.ThirdPersonCharacter_C:ExecuteUbergraph_ThirdPersonCharacter
[2018.06.23-17.39.31:057][  0]LogSkeletalMesh: Skeletal Mesh found in DDC [79.469810ms] /Game/Mannequin/Character/Mesh/SK_Mannequin.SK_Mannequin
[2018.06.23-17.39.32:008][  0]LogAIModule: Creating AISystem for world ThirdPersonExampleMap
[2018.06.23-17.39.39:231][  0]LogEditorServer: Finished looking for orphan Actors (0.000 secs)
[2018.06.23-17.39.39:244][  0]LogUObjectGlobals: Destroyed PersistentFrame Addr=0x0000020a3b02a600, Size=64
[2018.06.23-17.39.39:244][  0]LogUObjectGlobals: Destroyed PersistentFrame Addr=0x0000020a44593b00, Size=296
[2018.06.23-17.39.39:245][  0]Cmd: MAP CHECKDEP NOCLEARLOG
[2018.06.23-17.39.39:293][  0]MapCheck: Map check complete: 0 Error(s), 0 Warning(s), took 47,853ms to complete.
[2018.06.23-17.39.39:293][  0]LogFileHelpers: Loading map 'ThirdPersonExampleMap' took 10.461
[2018.06.23-17.39.39:723][  0]LogCollectionManager: Loaded 0 collections in 0.001020 seconds
[2018.06.23-17.39.39:809][  0]LogFileCache: Scanning file cache for directory 'D:/UnrealEngine Projects/UnrealEssentials/Saved/Collections/' took 0.01s
[2018.06.23-17.39.39:809][  0]LogFileCache: Scanning file cache for directory 'D:/UnrealEngine Projects/UnrealEssentials/Content/Developers/Bartek/Collections/' took 0.01s
[2018.06.23-17.39.39:809][  0]LogFileCache: Scanning file cache for directory 'D:/UnrealEngine Projects/UnrealEssentials/Content/Collections/' took 0.01s
[2018.06.23-17.39.39:809][  0]LogCollectionManager: Rebuilt the GUID cache for 0 collections in 0.000001 seconds
[2018.06.23-17.39.39:821][  0]LogContentBrowser: Native class hierarchy populated in 0.0094 seconds. Added 2452 classes and 558 folders.
[2018.06.23-17.39.39:869][  0]LogContentBrowser: Native class hierarchy updated for 'WidgetCarousel' in 0.0003 seconds. Added 0 classes and 0 folders.
[2018.06.23-17.39.40:692][  0]LogContentBrowser: Native class hierarchy updated for 'AddContentDialog' in 0.0007 seconds. Added 0 classes and 0 folders.
[2018.06.23-17.39.40:757][  0]LogContentBrowser: Native class hierarchy updated for 'SceneOutliner' in 0.0008 seconds. Added 1 classes and 2 folders.
[2018.06.23-17.39.41:108][  0]LogSlate: Took 0.000931 seconds to synchronously load lazily loaded font '../../../Engine/Content/Slate/Fonts/Roboto-Regular.ttf' (155K)
[2018.06.23-17.39.41:115][  0]LogSlate: Took 0.000839 seconds to synchronously load lazily loaded font '../../../Engine/Content/Slate/Fonts/Roboto-Bold.ttf' (160K)
[2018.06.23-17.39.41:139][  0]LogSlate: Took 0.015369 seconds to synchronously load lazily loaded font '../../../Engine/Content/Editor/Slate/Fonts/FontAwesome.ttf' (139K)
[2018.06.23-17.39.41:439][  0]LogRenderer: Reallocating scene render targets to support 960x424 Format 10 NumSamples 1 (Frame:1).
[2018.06.23-17.39.41:808][  0]LogContentBrowser: Native class hierarchy updated for 'HierarchicalLODOutliner' in 0.0003 seconds. Added 0 classes and 0 folders.
[2018.06.23-17.39.41:809][  0]LogLoad: (Engine Initialization) Total time: 23.78 seconds
[2018.06.23-17.39.41:809][  0]LogLoad: (Engine Initialization) Total Blueprint compile time: 0.00 seconds
[2018.06.23-17.39.41:818][  0]LogWindowsTextInputMethodSystem: Display: IME system now deactivated.
[2018.06.23-17.39.41:852][  0]LogContentStreaming: Texture pool size now 1000 MB
[2018.06.23-17.39.42:022][  0]LogSlate: Took 0.014777 seconds to synchronously load lazily loaded font '../../../Engine/Content/Slate/Fonts/Roboto-Light.ttf' (167K)
[2018.06.23-17.39.42:042][  1]LogAssetRegistry: Asset discovery search completed in 18.5393 seconds
[2018.06.23-17.39.42:043][  1]LogCollectionManager: Rebuilt the object cache for 0 collections in 0.000000 seconds (found 0 objects)
[2018.06.23-17.39.42:043][  1]LogCollectionManager: Fixed up redirectors for 0 collections in 0.000041 seconds (updated 0 objects)
[2018.06.23-17.39.53:560][874]LogEditorViewport: Clicking on Actor (LMB): StaticMeshActor (Floor)
[2018.06.23-17.39.54:077][874]LogEditorViewport: Clicking on Actor (LMB): LightmassImportanceVolume (LightmassImportanceVolume)
[2018.06.23-17.39.54:239][875]LogEditorViewport: Clicking on Actor (double click): LightmassImportanceVolume (LightmassImportanceVolume)
[2018.06.23-17.39.55:377][  7]LogEditorViewport: Clicking on Actor (LMB): Landscape (Landscape)
[2018.06.23-17.39.57:351][204]LogEditorViewport: Clicking on Actor (LMB): LightmassImportanceVolume (LightmassImportanceVolume)
[2018.06.23-17.40.00:628][343]LogEditorViewport: Clicking on Actor (LMB): Landscape (Landscape)
[2018.06.23-17.40.02:479][411]LogEditorViewport: Clicking on Actor (LMB): Landscape (Landscape)
[2018.06.23-17.40.03:833][465]LogEditorViewport: Clicking on Actor (LMB): StaticMeshActor (RightArm_StaticMesh)
[2018.06.23-17.40.08:723][849]LogEditorViewport: Clicking on Actor (LMB): Landscape (Landscape)
[2018.06.23-17.40.27:892][712]LogSlate: FSceneViewport::OnFocusLost() reason 0
[2018.06.23-17.40.27:954][713]LogTemp: Repeating last play command: Selected Viewport
[2018.06.23-17.40.28:042][713]LogBlueprintUserMessages: Early PlayInEditor Detection: Level '/Game/ThirdPersonBP/Maps/ThirdPersonExampleMap.ThirdPersonExampleMap:PersistentLevel' has LevelScriptBlueprint '/Game/ThirdPersonBP/Maps/ThirdPersonExampleMap.ThirdPersonExampleMap:PersistentLevel.ThirdPersonExampleMap' with GeneratedClass '/Game/ThirdPersonBP/Maps/ThirdPersonExampleMap.ThirdPersonExampleMap_C' with ClassGeneratedBy '/Game/ThirdPersonBP/Maps/ThirdPersonExampleMap.ThirdPersonExampleMap:PersistentLevel.ThirdPersonExampleMap'
[2018.06.23-17.40.28:048][713]LogPlayLevel: PlayLevel: No blueprints needed recompiling
[2018.06.23-17.40.28:098][713]PIE: New page: PIE session: ThirdPersonExampleMap (23 cze 2018, 21:40:28)
[2018.06.23-17.40.28:098][713]LogPlayLevel: Creating play world package: /Game/ThirdPersonBP/Maps/UEDPIE_0_ThirdPersonExampleMap
[2018.06.23-17.40.28:580][713]LogPlayLevel: PIE: StaticDuplicateObject took: (0.481292s)
[2018.06.23-17.40.28:584][713]LogAIModule: Creating AISystem for world ThirdPersonExampleMap
[2018.06.23-17.40.28:584][713]LogPlayLevel: PIE: World Init took: (0.003913s)
[2018.06.23-17.40.28:584][713]LogPlayLevel: PIE: Created PIE world by copying editor world from /Game/ThirdPersonBP/Maps/ThirdPersonExampleMap.ThirdPersonExampleMap to /Game/ThirdPersonBP/Maps/UEDPIE_0_ThirdPersonExampleMap.ThirdPersonExampleMap (0.485838s)
[2018.06.23-17.40.28:669][713]LogInit: XAudio2 using 'Speakers (Realtek High Definition Audio)' : 6 channels at 48 kHz using 32 bits per sample (channel mask 0x3f)
[2018.06.23-17.40.29:027][713]LogInit: FAudioDevice initialized.
[2018.06.23-17.40.29:177][713]LogLoad: Game class is 'ThirdPersonGameMode_C'
[2018.06.23-17.40.29:252][713]LogWorld: Bringing World /Game/ThirdPersonBP/Maps/UEDPIE_0_ThirdPersonExampleMap.ThirdPersonExampleMap up for play (max tick rate 0) at 2018.06.23-19.40.29
[2018.06.23-17.40.29:266][713]LogWorld: Bringing up level for play took: 0.067715
[2018.06.23-17.40.29:342][713]LogContentBrowser: Native class hierarchy updated for 'MovieSceneCapture' in 0.0009 seconds. Added 11 classes and 0 folders.
[2018.06.23-17.40.29:345][713]PIE: Play in editor start time for /Game/ThirdPersonBP/Maps/UEDPIE_0_ThirdPersonExampleMap 2,172
[2018.06.23-17.40.29:346][713]LogBlueprintUserMessages: Late PlayInEditor Detection: Level '/Game/ThirdPersonBP/Maps/ThirdPersonExampleMap.ThirdPersonExampleMap:PersistentLevel' has LevelScriptBlueprint '/Game/ThirdPersonBP/Maps/ThirdPersonExampleMap.ThirdPersonExampleMap:PersistentLevel.ThirdPersonExampleMap' with GeneratedClass '/Game/ThirdPersonBP/Maps/ThirdPersonExampleMap.ThirdPersonExampleMap_C' with ClassGeneratedBy '/Game/ThirdPersonBP/Maps/ThirdPersonExampleMap.ThirdPersonExampleMap:PersistentLevel.ThirdPersonExampleMap'
[2018.06.23-17.40.33:118][854]LogBlueprintUserMessages: Early EndPlayMap Detection: Level '/Game/ThirdPersonBP/Maps/ThirdPersonExampleMap.ThirdPersonExampleMap:PersistentLevel' has LevelScriptBlueprint '/Game/ThirdPersonBP/Maps/ThirdPersonExampleMap.ThirdPersonExampleMap:PersistentLevel.ThirdPersonExampleMap' with GeneratedClass '/Game/ThirdPersonBP/Maps/ThirdPersonExampleMap.ThirdPersonExampleMap_C' with ClassGeneratedBy '/Game/ThirdPersonBP/Maps/ThirdPersonExampleMap.ThirdPersonExampleMap:PersistentLevel.ThirdPersonExampleMap'
[2018.06.23-17.40.33:191][854]LogBlueprintUserMessages: Late EndPlayMap Detection: Level '/Game/ThirdPersonBP/Maps/ThirdPersonExampleMap.ThirdPersonExampleMap:PersistentLevel' has LevelScriptBlueprint '/Game/ThirdPersonBP/Maps/ThirdPersonExampleMap.ThirdPersonExampleMap:PersistentLevel.ThirdPersonExampleMap' with GeneratedClass '/Game/ThirdPersonBP/Maps/ThirdPersonExampleMap.ThirdPersonExampleMap_C' with ClassGeneratedBy '/Game/ThirdPersonBP/Maps/ThirdPersonExampleMap.ThirdPersonExampleMap:PersistentLevel.ThirdPersonExampleMap'
[2018.06.23-17.40.38:648][231]LogSlate: FSceneViewport::OnFocusLost() reason 0
[2018.06.23-17.40.41:936][335]LogSlate: FSceneViewport::OnFocusLost() reason 0
[2018.06.23-17.40.43:327][338]LogEditorViewport: Clicking on Actor (context menu): StaticMeshActor (Wall11)
[2018.06.23-17.40.43:654][338]LogSlate: FSceneViewport::OnFocusLost() reason 2
[2018.06.23-17.40.43:969][344]LogEditorViewport: Clicking on Actor (context menu): StaticMeshActor (Wall11)
[2018.06.23-17.40.44:049][344]LogSlate: FSceneViewport::OnFocusLost() reason 2
[2018.06.23-17.40.44:990][387]LogEditorViewport: Clicking on Actor (LMB): Landscape (Landscape)
[2018.06.23-17.41.06:149][497]LogSlate: FSceneViewport::OnFocusLost() reason 0
[2018.06.23-17.41.07:153][504]LogMaterial: Missing cached shader map for material M_Landscape, compiling. 
[2018.06.23-17.41.07:262][504]LogShaderCompilers: Display: Shaders left to compile 8
[2018.06.23-17.41.07:262][504]LogMaterial: Missing cached shader map for material M_Landscape, compiling. 
[2018.06.23-17.41.07:289][504]LogMaterial: Missing cached shader map for material M_Landscape, compiling. 
[2018.06.23-17.41.07:314][504]LogMaterial: Missing cached shader map for material M_Landscape, compiling. 
[2018.06.23-17.41.07:348][504]LogTexture: Display: Building textures: Texture2D_2 (G8, 128X128)
[2018.06.23-17.41.07:891][534]LogShaderCompilers: Display: Shaders left to compile 24
[2018.06.23-17.41.07:891][534]LogShaderCompilers: Display: Shaders left to compile 14
[2018.06.23-17.41.07:891][534]LogShaderCompilers: Display: Shaders left to compile 4
[2018.06.23-17.41.17:106][789]LogSlate: FSceneViewport::OnFocusLost() reason 2
[2018.06.23-17.41.36:377][842]LogSlate: FSceneViewport::OnFocusLost() reason 0
[2018.06.23-17.41.51:976][633]LogSlate: FSceneViewport::OnFocusLost() reason 0
[2018.06.23-17.42.02:273][198]LogSlate: FSceneViewport::OnFocusLost() reason 0
[2018.06.23-17.42.33:216][840]LogSlate: FSceneViewport::OnFocusLost() reason 0
[2018.06.23-17.42.36:098][ 59]LogSlate: FSceneViewport::OnFocusLost() reason 0
[2018.06.23-17.42.37:942][ 92]LogEditorViewport: Clicking on Actor (LMB): Landscape (Landscape)
[2018.06.23-17.42.40:650][184]LogSlate: FSceneViewport::OnFocusLost() reason 0
[2018.06.23-17.43.07:567][221]LogSlate: FSceneViewport::OnFocusLost() reason 0
[2018.06.23-17.43.07:613][222]LogTemp: Repeating last play command: Selected Viewport
[2018.06.23-17.43.07:659][222]LogBlueprintUserMessages: Early PlayInEditor Detection: Level '/Game/ThirdPersonBP/Maps/ThirdPersonExampleMap.ThirdPersonExampleMap:PersistentLevel' has LevelScriptBlueprint '/Game/ThirdPersonBP/Maps/ThirdPersonExampleMap.ThirdPersonExampleMap:PersistentLevel.ThirdPersonExampleMap' with GeneratedClass '/Game/ThirdPersonBP/Maps/ThirdPersonExampleMap.ThirdPersonExampleMap_C' with ClassGeneratedBy '/Game/ThirdPersonBP/Maps/ThirdPersonExampleMap.ThirdPersonExampleMap:PersistentLevel.ThirdPersonExampleMap'
[2018.06.23-17.43.07:660][222]LogPlayLevel: PlayLevel: No blueprints needed recompiling
[2018.06.23-17.43.07:660][222]PIE: New page: PIE session: ThirdPersonExampleMap (23 cze 2018, 21:43:07)
[2018.06.23-17.43.07:660][222]LogPlayLevel: Creating play world package: /Game/ThirdPersonBP/Maps/UEDPIE_0_ThirdPersonExampleMap
[2018.06.23-17.43.08:060][222]LogPlayLevel: PIE: StaticDuplicateObject took: (0.399432s)
[2018.06.23-17.43.08:061][222]LogAIModule: Creating AISystem for world ThirdPersonExampleMap
[2018.06.23-17.43.08:062][222]LogPlayLevel: PIE: World Init took: (0.002232s)
[2018.06.23-17.43.08:062][222]LogPlayLevel: PIE: Created PIE world by copying editor world from /Game/ThirdPersonBP/Maps/ThirdPersonExampleMap.ThirdPersonExampleMap to /Game/ThirdPersonBP/Maps/UEDPIE_0_ThirdPersonExampleMap.ThirdPersonExampleMap (0.402238s)
[2018.06.23-17.43.08:461][222]LogInit: XAudio2 using 'Speakers (Realtek High Definition Audio)' : 6 channels at 48 kHz using 32 bits per sample (channel mask 0x3f)
[2018.06.23-17.43.08:809][222]LogInit: FAudioDevice initialized.
[2018.06.23-17.43.08:893][222]LogLoad: Game class is 'ThirdPersonGameMode_C'
[2018.06.23-17.43.08:927][222]LogWorld: Bringing World /Game/ThirdPersonBP/Maps/UEDPIE_0_ThirdPersonExampleMap.ThirdPersonExampleMap up for play (max tick rate 0) at 2018.06.23-19.43.08
[2018.06.23-17.43.08:929][222]LogWorld: Bringing up level for play took: 0.031984
[2018.06.23-17.43.08:940][222]PIE: Play in editor start time for /Game/ThirdPersonBP/Maps/UEDPIE_0_ThirdPersonExampleMap 1,767
[2018.06.23-17.43.08:940][222]LogBlueprintUserMessages: Late PlayInEditor Detection: Level '/Game/ThirdPersonBP/Maps/ThirdPersonExampleMap.ThirdPersonExampleMap:PersistentLevel' has LevelScriptBlueprint '/Game/ThirdPersonBP/Maps/ThirdPersonExampleMap.ThirdPersonExampleMap:PersistentLevel.ThirdPersonExampleMap' with GeneratedClass '/Game/ThirdPersonBP/Maps/ThirdPersonExampleMap.ThirdPersonExampleMap_C' with ClassGeneratedBy '/Game/ThirdPersonBP/Maps/ThirdPersonExampleMap.ThirdPersonExampleMap:PersistentLevel.ThirdPersonExampleMap'
[2018.06.23-17.43.21:427][ 78]LogBlueprintUserMessages: Early EndPlayMap Detection: Level '/Game/ThirdPersonBP/Maps/ThirdPersonExampleMap.ThirdPersonExampleMap:PersistentLevel' has LevelScriptBlueprint '/Game/ThirdPersonBP/Maps/ThirdPersonExampleMap.ThirdPersonExampleMap:PersistentLevel.ThirdPersonExampleMap' with GeneratedClass '/Game/ThirdPersonBP/Maps/ThirdPersonExampleMap.ThirdPersonExampleMap_C' with ClassGeneratedBy '/Game/ThirdPersonBP/Maps/ThirdPersonExampleMap.ThirdPersonExampleMap:PersistentLevel.ThirdPersonExampleMap'
[2018.06.23-17.43.21:487][ 78]LogBlueprintUserMessages: Late EndPlayMap Detection: Level '/Game/ThirdPersonBP/Maps/ThirdPersonExampleMap.ThirdPersonExampleMap:PersistentLevel' has LevelScriptBlueprint '/Game/ThirdPersonBP/Maps/ThirdPersonExampleMap.ThirdPersonExampleMap:PersistentLevel.ThirdPersonExampleMap' with GeneratedClass '/Game/ThirdPersonBP/Maps/ThirdPersonExampleMap.ThirdPersonExampleMap_C' with ClassGeneratedBy '/Game/ThirdPersonBP/Maps/ThirdPersonExampleMap.ThirdPersonExampleMap:PersistentLevel.ThirdPersonExampleMap'
[2018.06.23-17.43.39:406][279]LogSlate: FSceneViewport::OnFocusLost() reason 0
[2018.06.23-17.43.45:384][564]LogEditorViewport: Clicking on Actor (LMB): StaticMeshActor (Floor)
[2018.06.23-17.43.47:320][775]LogSlate: FSceneViewport::OnFocusLost() reason 0
[2018.06.23-17.43.48:883][814]Cmd: BRUSH ADD SELECTNEWBRUSH
[2018.06.23-17.43.49:235][814]LogTexture: Display: Building textures: Texture2D_2 (BGRA8, 512X512)
[2018.06.23-17.43.49:375][814]LogTexture: Display: Building textures: Texture2D_3 (BGRA8, 512X512)
[2018.06.23-17.43.49:432][814]LogTexture: Display: Building textures: Texture2D_337 (BGRA8, 64X64)
[2018.06.23-17.43.49:434][814]LogTexture: Display: Building textures: Texture2D_338 (BGRA8, 64X64)
[2018.06.23-17.43.49:436][814]LogTexture: Display: Building textures: Texture2D_339 (BGRA8, 64X64)
[2018.06.23-17.43.49:439][814]LogTexture: Display: Building textures: Texture2D_340 (BGRA8, 64X64)
[2018.06.23-17.43.49:441][814]LogTexture: Display: Building textures: Texture2D_341 (BGRA8, 64X64)
[2018.06.23-17.43.49:444][814]LogTexture: Display: Building textures: Texture2D_342 (BGRA8, 64X64)
[2018.06.23-17.43.49:446][814]LogTexture: Display: Building textures: Texture2D_343 (BGRA8, 64X64)
[2018.06.23-17.43.49:449][814]LogTexture: Display: Building textures: Texture2D_344 (BGRA8, 64X64)
[2018.06.23-17.43.49:451][814]LogTexture: Display: Building textures: Texture2D_345 (BGRA8, 64X64)
[2018.06.23-17.43.49:453][814]LogTexture: Display: Building textures: Texture2D_346 (BGRA8, 64X64)
[2018.06.23-17.43.49:456][814]LogTexture: Display: Building textures: Texture2D_347 (BGRA8, 64X64)
[2018.06.23-17.43.49:458][814]LogTexture: Display: Building textures: Texture2D_348 (BGRA8, 64X64)
[2018.06.23-17.43.50:184][814]LogEditorViewport: Clicking on Actor (context menu): StaticMeshActor (Floor)
[2018.06.23-17.43.50:392][814]LogSlate: FSceneViewport::OnFocusLost() reason 2
[2018.06.23-17.43.52:077][854]LogEditorViewport: Clicking on Actor (LMB): StaticMeshActor (Floor)
[2018.06.23-17.44.05:066][649]LogSlate: FSceneViewport::OnFocusLost() reason 0
[2018.06.23-17.44.23:128][790]LogSlate: FSceneViewport::OnFocusLost() reason 0
[2018.06.23-17.45.22:565][202]LogSlate: FSceneViewport::OnFocusLost() reason 2
[2018.06.23-17.45.25:283][361]LogSlate: FSceneViewport::OnFocusLost() reason 2
[2018.06.23-17.45.30:176][490]LogWindows: Warning: CreateProc failed: Nie można odnaleźć określonego pliku. (0x00000002)
[2018.06.23-17.45.30:176][490]LogWindows: Warning: URL: C:/Program Files/Git/bin/git.exe version
[2018.06.23-17.45.30:178][490]LogWindows: Warning: CreateProc failed: Nie można odnaleźć określonego pliku. (0x00000002)
[2018.06.23-17.45.30:178][490]LogWindows: Warning: URL: C:/Program Files (x86)/Git/bin/git.exe version
[2018.06.23-17.45.30:180][490]LogWindows: Warning: CreateProc failed: Nie można odnaleźć określonego pliku. (0x00000002)
[2018.06.23-17.45.30:180][490]LogWindows: Warning: URL: C:\Users\Bartek\AppData\Local/Programs/Git/cmd/git.exe version
[2018.06.23-17.45.30:181][490]LogWindows: Warning: CreateProc failed: Nie można odnaleźć określonego pliku. (0x00000002)
[2018.06.23-17.45.30:181][490]LogWindows: Warning: URL: C:/Program Files (x86)/SmartGit/git/bin/git.exe version
[2018.06.23-17.45.30:182][490]LogWindows: Warning: CreateProc failed: Nie można odnaleźć określonego pliku. (0x00000002)
[2018.06.23-17.45.30:182][490]LogWindows: Warning: URL: C:/Program Files (x86)/SmartGit/bin/git.exe version
[2018.06.23-17.45.30:183][490]LogWindows: Warning: CreateProc failed: Nie można odnaleźć określonego pliku. (0x00000002)
[2018.06.23-17.45.30:183][490]LogWindows: Warning: URL: C:\Users\Bartek\AppData\Local/Atlassian/SourceTree/git_local/bin/git.exe version
[2018.06.23-17.45.30:185][490]LogWindows: Warning: CreateProc failed: Nie można odnaleźć określonego pliku. (0x00000002)
[2018.06.23-17.45.30:185][490]LogWindows: Warning: URL: C:/Program Files (x86)/fournova/Tower/vendor/Git/bin/git.exe version
[2018.06.23-17.46.10:824][577]LogWindows: Warning: CreateProc failed: Nie można odnaleźć określonego pliku. (0x00000002)
[2018.06.23-17.46.10:824][577]LogWindows: Warning: URL: D:\UnrealEngine Projects\UnrealEssentials version
[2018.06.23-17.46.10:941][579]LogWindows: Warning: CreateProc failed: Nie można odnaleźć określonego pliku. (0x00000002)
[2018.06.23-17.46.10:942][579]LogWindows: Warning: URL: D:\UnrealEngine Projects\UnrealEssentials version
[2018.06.23-17.46.10:942][579]SourceControl: Error: Failed to enable Git source control. You need to install Git and specify a valid path to git executable.
[2018.06.23-17.47.32:146][ 25]LogSlate: FSceneViewport::OnFocusLost() reason 2
[2018.06.23-17.47.33:283][ 89]LogSlate: FSceneViewport::OnFocusLost() reason 0
[2018.06.23-17.47.41:167][357]LogWindows: Warning: CreateProc failed: Odmowa dostępu. (0x00000005)
[2018.06.23-17.47.41:167][357]LogWindows: Warning: URL: C:\Users\Bartek\AppData\Local\GitHubDesktop version
[2018.06.23-17.47.41:247][359]LogWindows: Warning: CreateProc failed: Odmowa dostępu. (0x00000005)
[2018.06.23-17.47.41:248][359]LogWindows: Warning: URL: C:\Users\Bartek\AppData\Local\GitHubDesktop version
[2018.06.23-17.47.41:248][359]SourceControl: Error: Failed to enable Git source control. You need to install Git and specify a valid path to git executable.
[2018.06.23-17.47.51:529][700]LogWindows: Warning: CreateProc failed: Odmowa dostępu. (0x00000005)
[2018.06.23-17.47.51:529][700]LogWindows: Warning: URL: C:\Users\Bartek\AppData\Local\GitHubDesktop\ version
[2018.06.23-17.49.02:936][278]SourceControl: Error: Failed to enable Git source control. You need to install Git and specify a valid path to git executable.
